<?xml version="1.0" encoding="UTF-8"?>
<coverage generated="1774039918327" clover="3.2.0">
  <project timestamp="1774039918327" name="All files">
    <metrics statements="292" coveredstatements="282" conditionals="206" coveredconditionals="185" methods="75" coveredmethods="68" elements="573" coveredelements="535" complexity="0" loc="292" ncloc="292" packages="4" files="11" classes="11"/>
    <package name="content-script">
      <metrics statements="128" coveredstatements="124" conditionals="55" coveredconditionals="44" methods="30" coveredmethods="26"/>
      <file name="filter-bar.ts" path="/home/fabis/Code/personal/better-sc-feed/src/content-script/filter-bar.ts">
        <metrics statements="73" coveredstatements="73" conditionals="34" coveredconditionals="28" methods="15" coveredmethods="15"/>
        <line num="5" count="2" type="stmt"/>
        <line num="9" count="99" type="stmt"/>
        <line num="10" count="99" type="stmt"/>
        <line num="14" count="32" type="stmt"/>
        <line num="15" count="32" type="stmt"/>
        <line num="17" count="32" type="stmt"/>
        <line num="21" count="96" type="stmt"/>
        <line num="58" count="32" type="stmt"/>
        <line num="63" count="13" type="stmt"/>
        <line num="64" count="13" type="stmt"/>
        <line num="65" count="39" type="stmt"/>
        <line num="66" count="38" type="stmt"/>
        <line num="69" count="13" type="stmt"/>
        <line num="71" count="13" type="cond" truecount="2" falsecount="0"/>
        <line num="76" count="13" type="stmt"/>
        <line num="77" count="13" type="cond" truecount="2" falsecount="0"/>
        <line num="80" count="13" type="cond" truecount="1" falsecount="1"/>
        <line num="81" count="13" type="cond" truecount="1" falsecount="1"/>
        <line num="82" count="13" type="cond" truecount="1" falsecount="1"/>
        <line num="83" count="13" type="cond" truecount="1" falsecount="1"/>
        <line num="84" count="13" type="cond" truecount="1" falsecount="1"/>
        <line num="85" count="13" type="cond" truecount="1" falsecount="1"/>
        <line num="88" count="13" type="stmt"/>
        <line num="89" count="13" type="stmt"/>
        <line num="90" count="13" type="cond" truecount="2" falsecount="0"/>
        <line num="91" count="13" type="cond" truecount="2" falsecount="0"/>
        <line num="93" count="13" type="stmt"/>
        <line num="110" count="13" type="stmt"/>
        <line num="111" count="13" type="stmt"/>
        <line num="112" count="39" type="stmt"/>
        <line num="116" count="13" type="stmt"/>
        <line num="117" count="13" type="stmt"/>
        <line num="118" count="26" type="stmt"/>
        <line num="122" count="13" type="stmt"/>
        <line num="123" count="13" type="stmt"/>
        <line num="124" count="13" type="stmt"/>
        <line num="125" count="13" type="cond" truecount="2" falsecount="0"/>
        <line num="126" count="3" type="stmt"/>
        <line num="127" count="3" type="stmt"/>
        <line num="128" count="3" type="stmt"/>
        <line num="130" count="10" type="stmt"/>
        <line num="131" count="10" type="stmt"/>
        <line num="132" count="10" type="stmt"/>
        <line num="136" count="13" type="stmt"/>
        <line num="137" count="13" type="stmt"/>
        <line num="138" count="13" type="stmt"/>
        <line num="139" count="13" type="stmt"/>
        <line num="140" count="13" type="stmt"/>
        <line num="141" count="13" type="stmt"/>
        <line num="144" count="13" type="stmt"/>
        <line num="146" count="13" type="stmt"/>
        <line num="159" count="11" type="stmt"/>
        <line num="160" count="11" type="stmt"/>
        <line num="161" count="3" type="stmt"/>
        <line num="162" count="3" type="stmt"/>
        <line num="163" count="3" type="stmt"/>
        <line num="164" count="3" type="cond" truecount="2" falsecount="0"/>
        <line num="165" count="3" type="cond" truecount="2" falsecount="0"/>
        <line num="166" count="3" type="cond" truecount="2" falsecount="0"/>
        <line num="170" count="11" type="stmt"/>
        <line num="171" count="11" type="stmt"/>
        <line num="172" count="22" type="stmt"/>
        <line num="173" count="2" type="stmt"/>
        <line num="174" count="1" type="stmt"/>
        <line num="179" count="11" type="stmt"/>
        <line num="180" count="1" type="stmt"/>
        <line num="184" count="11" type="stmt"/>
        <line num="185" count="1" type="stmt"/>
        <line num="189" count="11" type="stmt"/>
        <line num="190" count="1" type="stmt"/>
        <line num="194" count="11" type="stmt"/>
        <line num="195" count="1" type="stmt"/>
        <line num="200" count="17" type="cond" truecount="2" falsecount="0"/>
      </file>
      <file name="help-modal.ts" path="/home/fabis/Code/personal/better-sc-feed/src/content-script/help-modal.ts">
        <metrics statements="17" coveredstatements="17" conditionals="6" coveredconditionals="5" methods="5" coveredmethods="5"/>
        <line num="1" count="2" type="stmt"/>
        <line num="3" count="2" type="stmt"/>
        <line num="78" count="10" type="stmt"/>
        <line num="83" count="9" type="cond" truecount="2" falsecount="0"/>
        <line num="85" count="8" type="stmt"/>
        <line num="86" count="8" type="stmt"/>
        <line num="87" count="8" type="stmt"/>
        <line num="88" count="8" type="stmt"/>
        <line num="90" count="8" type="stmt"/>
        <line num="91" count="8" type="stmt"/>
        <line num="93" count="8" type="stmt"/>
        <line num="94" count="8" type="stmt"/>
        <line num="95" count="3" type="cond" truecount="2" falsecount="0"/>
        <line num="98" count="8" type="stmt"/>
        <line num="99" count="8" type="cond" truecount="1" falsecount="1"/>
        <line num="100" count="8" type="stmt"/>
        <line num="101" count="8" type="stmt"/>
      </file>
      <file name="index.ts" path="/home/fabis/Code/personal/better-sc-feed/src/content-script/index.ts">
        <metrics statements="38" coveredstatements="34" conditionals="15" coveredconditionals="11" methods="10" coveredmethods="6"/>
        <line num="14" count="1" type="stmt"/>
        <line num="15" count="1" type="stmt"/>
        <line num="18" count="1" type="stmt"/>
        <line num="19" count="1" type="stmt"/>
        <line num="20" count="1" type="stmt"/>
        <line num="21" count="1" type="cond" truecount="1" falsecount="1"/>
        <line num="23" count="1" type="stmt"/>
        <line num="26" count="2" type="stmt"/>
        <line num="27" count="2" type="stmt"/>
        <line num="31" count="2" type="stmt"/>
        <line num="32" count="2" type="stmt"/>
        <line num="33" count="2" type="stmt"/>
        <line num="37" count="19" type="cond" truecount="2" falsecount="0"/>
        <line num="38" count="9" type="stmt"/>
        <line num="41" count="10" type="stmt"/>
        <line num="42" count="10" type="stmt"/>
        <line num="43" count="10" type="stmt"/>
        <line num="44" count="10" type="cond" truecount="3" falsecount="0"/>
        <line num="46" count="19" type="cond" truecount="2" falsecount="0"/>
        <line num="47" count="6" type="stmt"/>
        <line num="50" count="4" type="stmt"/>
        <line num="55" count="4" type="stmt"/>
        <line num="56" count="4" type="stmt"/>
        <line num="57" count="19" type="stmt"/>
        <line num="59" count="19" type="stmt"/>
        <line num="60" count="4" type="stmt"/>
        <line num="63" count="19" type="stmt"/>
        <line num="66" count="0" type="stmt"/>
        <line num="67" count="0" type="stmt"/>
        <line num="69" count="0" type="stmt"/>
        <line num="73" count="19" type="stmt"/>
        <line num="81" count="1" type="stmt"/>
        <line num="82" count="12" type="cond" truecount="1" falsecount="1"/>
        <line num="86" count="1" type="stmt"/>
        <line num="88" count="1" type="cond" truecount="1" falsecount="1"/>
        <line num="91" count="1" type="cond" truecount="1" falsecount="1"/>
        <line num="92" count="1" type="stmt"/>
        <line num="94" count="0" type="stmt"/>
      </file>
    </package>
    <package name="injected">
      <metrics statements="57" coveredstatements="57" conditionals="32" coveredconditionals="26" methods="9" coveredmethods="8"/>
      <file name="index.ts" path="/home/fabis/Code/personal/better-sc-feed/src/injected/index.ts">
        <metrics statements="13" coveredstatements="13" conditionals="4" coveredconditionals="4" methods="3" coveredmethods="2"/>
        <line num="6" count="1" type="stmt"/>
        <line num="8" count="1" type="stmt"/>
        <line num="9" count="1" type="stmt"/>
        <line num="10" count="1" type="stmt"/>
        <line num="12" count="1" type="stmt"/>
        <line num="14" count="1" type="stmt"/>
        <line num="15" count="2" type="cond" truecount="4" falsecount="0"/>
        <line num="16" count="1" type="stmt"/>
        <line num="17" count="1" type="stmt"/>
        <line num="20" count="1" type="stmt"/>
        <line num="21" count="1" type="stmt"/>
        <line num="23" count="1" type="stmt"/>
        <line num="26" count="1" type="stmt"/>
      </file>
      <file name="intercept.ts" path="/home/fabis/Code/personal/better-sc-feed/src/injected/intercept.ts">
        <metrics statements="44" coveredstatements="44" conditionals="28" coveredconditionals="22" methods="6" coveredmethods="6"/>
        <line num="13" count="2" type="stmt"/>
        <line num="20" count="8" type="stmt"/>
        <line num="21" count="7" type="stmt"/>
        <line num="23" count="7" type="cond" truecount="2" falsecount="0"/>
        <line num="24" count="1" type="stmt"/>
        <line num="27" count="6" type="stmt"/>
        <line num="28" count="6" type="stmt"/>
        <line num="29" count="6" type="stmt"/>
        <line num="31" count="6" type="cond" truecount="2" falsecount="0"/>
        <line num="33" count="7" type="stmt"/>
        <line num="34" count="6" type="stmt"/>
        <line num="37" count="6" type="stmt"/>
        <line num="38" count="6" type="stmt"/>
        <line num="40" count="1" type="stmt"/>
        <line num="43" count="5" type="stmt"/>
        <line num="44" count="5" type="cond" truecount="1" falsecount="1"/>
        <line num="45" count="7" type="cond" truecount="1" falsecount="1"/>
        <line num="46" count="7" type="stmt"/>
        <line num="48" count="7" type="stmt"/>
        <line num="60" count="6" type="stmt"/>
        <line num="61" count="6" type="stmt"/>
        <line num="63" count="6" type="stmt"/>
        <line num="71" count="5" type="stmt"/>
        <line num="72" count="5" type="stmt"/>
        <line num="74" count="5" type="stmt"/>
        <line num="75" count="5" type="stmt"/>
        <line num="76" count="5" type="cond" truecount="2" falsecount="0"/>
        <line num="80" count="5" type="cond" truecount="2" falsecount="0"/>
        <line num="81" count="3" type="stmt"/>
        <line num="88" count="5" type="cond" truecount="6" falsecount="0"/>
        <line num="91" count="6" type="stmt"/>
        <line num="95" count="2" type="cond" truecount="3" falsecount="1"/>
        <line num="96" count="2" type="stmt"/>
        <line num="97" count="2" type="stmt"/>
        <line num="98" count="2" type="cond" truecount="1" falsecount="1"/>
        <line num="99" count="2" type="stmt"/>
        <line num="100" count="2" type="stmt"/>
        <line num="101" count="2" type="stmt"/>
        <line num="102" count="2" type="cond" truecount="1" falsecount="1"/>
        <line num="103" count="2" type="cond" truecount="1" falsecount="1"/>
        <line num="104" count="2" type="stmt"/>
        <line num="109" count="2" type="stmt"/>
        <line num="110" count="2" type="stmt"/>
        <line num="117" count="2" type="stmt"/>
      </file>
    </package>
    <package name="shared">
      <metrics statements="89" coveredstatements="83" conditionals="103" coveredconditionals="99" methods="29" coveredmethods="27"/>
      <file name="filters.ts" path="/home/fabis/Code/personal/better-sc-feed/src/shared/filters.ts">
        <metrics statements="35" coveredstatements="35" conditionals="44" coveredconditionals="42" methods="8" coveredmethods="8"/>
        <line num="15" count="48" type="cond" truecount="2" falsecount="0"/>
        <line num="16" count="42" type="cond" truecount="2" falsecount="0"/>
        <line num="17" count="29" type="stmt"/>
        <line num="18" count="29" type="stmt"/>
        <line num="19" count="29" type="cond" truecount="2" falsecount="0"/>
        <line num="22" count="6" type="stmt"/>
        <line num="30" count="30" type="stmt"/>
        <line num="32" count="6" type="cond" truecount="1" falsecount="1"/>
        <line num="33" count="6" type="stmt"/>
        <line num="34" count="9" type="stmt"/>
        <line num="35" count="9" type="stmt"/>
        <line num="38" count="6" type="cond" truecount="2" falsecount="0"/>
        <line num="39" count="5" type="cond" truecount="2" falsecount="0"/>
        <line num="41" count="1" type="cond" truecount="1" falsecount="1"/>
        <line num="46" count="33" type="stmt"/>
        <line num="51" count="30" type="cond" truecount="2" falsecount="0"/>
        <line num="52" count="29" type="cond" truecount="4" falsecount="0"/>
        <line num="53" count="25" type="cond" truecount="4" falsecount="0"/>
        <line num="54" count="24" type="stmt"/>
        <line num="63" count="40" type="cond" truecount="2" falsecount="0"/>
        <line num="64" count="40" type="cond" truecount="2" falsecount="0"/>
        <line num="66" count="39" type="stmt"/>
        <line num="67" count="40" type="cond" truecount="2" falsecount="0"/>
        <line num="69" count="40" type="cond" truecount="2" falsecount="0"/>
        <line num="72" count="5" type="cond" truecount="2" falsecount="0"/>
        <line num="73" count="5" type="cond" truecount="2" falsecount="0"/>
        <line num="74" count="5" type="stmt"/>
        <line num="75" count="9" type="stmt"/>
        <line num="76" count="9" type="cond" truecount="2" falsecount="0"/>
        <line num="78" count="5" type="cond" truecount="2" falsecount="0"/>
        <line num="82" count="34" type="cond" truecount="2" falsecount="0"/>
        <line num="83" count="25" type="cond" truecount="2" falsecount="0"/>
        <line num="84" count="23" type="stmt"/>
        <line num="92" count="9" type="stmt"/>
        <line num="94" count="10" type="stmt"/>
      </file>
      <file name="search.ts" path="/home/fabis/Code/personal/better-sc-feed/src/shared/search.ts">
        <metrics statements="27" coveredstatements="27" conditionals="51" coveredconditionals="51" methods="13" coveredmethods="13"/>
        <line num="10" count="72" type="stmt"/>
        <line num="11" count="72" type="stmt"/>
        <line num="16" count="55" type="stmt"/>
        <line num="17" count="55" type="stmt"/>
        <line num="19" count="76" type="stmt"/>
        <line num="21" count="55" type="stmt"/>
        <line num="22" count="72" type="cond" truecount="4" falsecount="0"/>
        <line num="23" count="7" type="stmt"/>
        <line num="25" count="65" type="stmt"/>
        <line num="29" count="55" type="stmt"/>
        <line num="45" count="54" type="cond" truecount="4" falsecount="0"/>
        <line num="48" count="53" type="cond" truecount="2" falsecount="0"/>
        <line num="51" count="49" type="cond" truecount="2" falsecount="0"/>
        <line num="53" count="48" type="cond" truecount="2" falsecount="0"/>
        <line num="54" count="20" type="stmt"/>
        <line num="56" count="37" type="stmt"/>
        <line num="62" count="31" type="cond" truecount="2" falsecount="0"/>
        <line num="63" count="31" type="stmt"/>
        <line num="75" count="8" type="cond" truecount="2" falsecount="0"/>
        <line num="76" count="8" type="cond" truecount="2" falsecount="0"/>
        <line num="80" count="8" type="cond" truecount="2" falsecount="0"/>
        <line num="84" count="8" type="cond" truecount="2" falsecount="0"/>
        <line num="85" count="8" type="cond" truecount="2" falsecount="0"/>
        <line num="89" count="8" type="cond" truecount="2" falsecount="0"/>
        <line num="90" count="8" type="cond" truecount="4" falsecount="0"/>
        <line num="94" count="8" type="stmt"/>
        <line num="95" count="8" type="cond" truecount="4" falsecount="0"/>
      </file>
      <file name="storage.ts" path="/home/fabis/Code/personal/better-sc-feed/src/shared/storage.ts">
        <metrics statements="19" coveredstatements="13" conditionals="6" coveredconditionals="4" methods="5" coveredmethods="3"/>
        <line num="4" count="3" type="stmt"/>
        <line num="18" count="3" type="stmt"/>
        <line num="19" count="3" type="stmt"/>
        <line num="27" count="4" type="stmt"/>
        <line num="29" count="4" type="stmt"/>
        <line num="30" count="4" type="stmt"/>
        <line num="31" count="4" type="cond" truecount="4" falsecount="0"/>
        <line num="35" count="4" type="stmt"/>
        <line num="36" count="4" type="stmt"/>
        <line num="40" count="4" type="stmt"/>
        <line num="44" count="1" type="stmt"/>
        <line num="46" count="1" type="stmt"/>
        <line num="47" count="1" type="stmt"/>
        <line num="56" count="0" type="stmt"/>
        <line num="61" count="0" type="stmt"/>
        <line num="62" count="0" type="stmt"/>
        <line num="63" count="0" type="cond" truecount="0" falsecount="2"/>
        <line num="64" count="0" type="stmt"/>
        <line num="69" count="0" type="stmt"/>
      </file>
      <file name="types.ts" path="/home/fabis/Code/personal/better-sc-feed/src/shared/types.ts">
        <metrics statements="1" coveredstatements="1" conditionals="0" coveredconditionals="0" methods="0" coveredmethods="0"/>
        <line num="159" count="6" type="stmt"/>
      </file>
      <file name="url.ts" path="/home/fabis/Code/personal/better-sc-feed/src/shared/url.ts">
        <metrics statements="7" coveredstatements="7" conditionals="2" coveredconditionals="2" methods="3" coveredmethods="3"/>
        <line num="3" count="3" type="stmt"/>
        <line num="7" count="11" type="stmt"/>
        <line num="12" count="9" type="cond" truecount="2" falsecount="0"/>
        <line num="13" count="8" type="stmt"/>
        <line num="18" count="14" type="stmt"/>
        <line num="19" count="14" type="stmt"/>
        <line num="20" count="14" type="stmt"/>
      </file>
    </package>
    <package name="test">
      <metrics statements="18" coveredstatements="18" conditionals="16" coveredconditionals="16" methods="7" coveredmethods="7"/>
      <file name="factories.ts" path="/home/fabis/Code/personal/better-sc-feed/src/test/factories.ts">
        <metrics statements="18" coveredstatements="18" conditionals="16" coveredconditionals="16" methods="7" coveredmethods="7"/>
        <line num="11" count="4" type="stmt"/>
        <line num="12" count="310" type="stmt"/>
        <line num="15" count="155" type="stmt"/>
        <line num="16" count="155" type="stmt"/>
        <line num="41" count="92" type="stmt"/>
        <line num="42" count="92" type="cond" truecount="2" falsecount="0"/>
        <line num="43" count="92" type="stmt"/>
        <line num="96" count="11" type="stmt"/>
        <line num="97" count="11" type="stmt"/>
        <line num="113" count="52" type="cond" truecount="2" falsecount="0"/>
        <line num="114" count="52" type="cond" truecount="2" falsecount="0"/>
        <line num="115" count="52" type="stmt"/>
        <line num="122" count="52" type="cond" truecount="4" falsecount="0"/>
        <line num="123" count="46" type="stmt"/>
        <line num="125" count="6" type="stmt"/>
        <line num="127" count="52" type="stmt"/>
        <line num="131" count="9" type="stmt"/>
        <line num="140" count="34" type="stmt"/>
      </file>
    </package>
  </project>
</coverage>
