{"/home/fabis/Code/personal/better-sc-feed/src/content-script/filter-bar.ts": {"path":"/home/fabis/Code/personal/better-sc-feed/src/content-script/filter-bar.ts","statementMap":{"0":{"start":{"line":5,"column":29},"end":{"line":5,"column":null}},"1":{"start":{"line":9,"column":17},"end":{"line":9,"column":57}},"2":{"start":{"line":10,"column":2},"end":{"line":10,"column":null}},"3":{"start":{"line":14,"column":14},"end":{"line":14,"column":43}},"4":{"start":{"line":15,"column":2},"end":{"line":15,"column":null}},"5":{"start":{"line":17,"column":2},"end":{"line":22,"column":null}},"6":{"start":{"line":21,"column":20},"end":{"line":21,"column":133}},"7":{"start":{"line":58,"column":2},"end":{"line":58,"column":null}},"8":{"start":{"line":63,"column":29},"end":{"line":63,"column":91}},"9":{"start":{"line":64,"column":24},"end":{"line":66,"column":58}},"10":{"start":{"line":65,"column":20},"end":{"line":65,"column":31}},"11":{"start":{"line":66,"column":17},"end":{"line":66,"column":58}},"12":{"start":{"line":69,"column":20},"end":{"line":69,"column":83}},"13":{"start":{"line":71,"column":4},"end":{"line":71,"column":null}},"14":{"start":{"line":76,"column":4},"end":{"line":76,"column":null}},"15":{"start":{"line":77,"column":48},"end":{"line":77,"column":null}},"16":{"start":{"line":80,"column":23},"end":{"line":80,"column":null}},"17":{"start":{"line":81,"column":22},"end":{"line":81,"column":null}},"18":{"start":{"line":82,"column":28},"end":{"line":82,"column":null}},"19":{"start":{"line":83,"column":22},"end":{"line":83,"column":null}},"20":{"start":{"line":84,"column":23},"end":{"line":84,"column":null}},"21":{"start":{"line":85,"column":22},"end":{"line":85,"column":null}},"22":{"start":{"line":88,"column":17},"end":{"line":88,"column":null}},"23":{"start":{"line":89,"column":17},"end":{"line":89,"column":null}},"24":{"start":{"line":90,"column":29},"end":{"line":90,"column":null}},"25":{"start":{"line":91,"column":29},"end":{"line":91,"column":null}},"26":{"start":{"line":93,"column":2},"end":{"line":105,"column":null}},"27":{"start":{"line":110,"column":29},"end":{"line":110,"column":91}},"28":{"start":{"line":111,"column":2},"end":{"line":112,"column":null}},"29":{"start":{"line":112,"column":4},"end":{"line":112,"column":null}},"30":{"start":{"line":116,"column":19},"end":{"line":116,"column":69}},"31":{"start":{"line":117,"column":2},"end":{"line":118,"column":null}},"32":{"start":{"line":118,"column":4},"end":{"line":118,"column":null}},"33":{"start":{"line":122,"column":26},"end":{"line":122,"column":78}},"34":{"start":{"line":123,"column":28},"end":{"line":123,"column":82}},"35":{"start":{"line":124,"column":21},"end":{"line":124,"column":71}},"36":{"start":{"line":125,"column":2},"end":{"line":132,"column":null}},"37":{"start":{"line":126,"column":4},"end":{"line":126,"column":null}},"38":{"start":{"line":127,"column":4},"end":{"line":127,"column":null}},"39":{"start":{"line":128,"column":4},"end":{"line":128,"column":null}},"40":{"start":{"line":130,"column":4},"end":{"line":130,"column":null}},"41":{"start":{"line":131,"column":4},"end":{"line":131,"column":null}},"42":{"start":{"line":132,"column":4},"end":{"line":132,"column":null}},"43":{"start":{"line":136,"column":2},"end":{"line":136,"column":null}},"44":{"start":{"line":137,"column":2},"end":{"line":137,"column":null}},"45":{"start":{"line":138,"column":2},"end":{"line":138,"column":null}},"46":{"start":{"line":139,"column":2},"end":{"line":139,"column":null}},"47":{"start":{"line":140,"column":2},"end":{"line":140,"column":null}},"48":{"start":{"line":141,"column":2},"end":{"line":141,"column":null}},"49":{"start":{"line":144,"column":2},"end":{"line":145,"column":null}},"50":{"start":{"line":146,"column":2},"end":{"line":147,"column":null}},"51":{"start":{"line":159,"column":21},"end":{"line":159,"column":71}},"52":{"start":{"line":160,"column":2},"end":{"line":167,"column":null}},"53":{"start":{"line":161,"column":28},"end":{"line":161,"column":80}},"54":{"start":{"line":162,"column":30},"end":{"line":162,"column":84}},"55":{"start":{"line":163,"column":21},"end":{"line":163,"column":null}},"56":{"start":{"line":164,"column":4},"end":{"line":164,"column":null}},"57":{"start":{"line":165,"column":4},"end":{"line":165,"column":null}},"58":{"start":{"line":166,"column":4},"end":{"line":166,"column":null}},"59":{"start":{"line":170,"column":19},"end":{"line":170,"column":69}},"60":{"start":{"line":171,"column":2},"end":{"line":175,"column":null}},"61":{"start":{"line":172,"column":4},"end":{"line":175,"column":null}},"62":{"start":{"line":173,"column":6},"end":{"line":173,"column":null}},"63":{"start":{"line":173,"column":32},"end":{"line":173,"column":null}},"64":{"start":{"line":174,"column":6},"end":{"line":174,"column":null}},"65":{"start":{"line":179,"column":2},"end":{"line":181,"column":null}},"66":{"start":{"line":180,"column":4},"end":{"line":180,"column":null}},"67":{"start":{"line":184,"column":2},"end":{"line":186,"column":null}},"68":{"start":{"line":185,"column":4},"end":{"line":185,"column":null}},"69":{"start":{"line":189,"column":2},"end":{"line":191,"column":null}},"70":{"start":{"line":190,"column":4},"end":{"line":190,"column":null}},"71":{"start":{"line":194,"column":2},"end":{"line":196,"column":null}},"72":{"start":{"line":195,"column":4},"end":{"line":195,"column":null}},"73":{"start":{"line":200,"column":2},"end":{"line":200,"column":null}}},"fnMap":{"0":{"name":"formatActivityType","decl":{"start":{"line":8,"column":16},"end":{"line":8,"column":35}},"loc":{"start":{"line":8,"column":57},"end":{"line":10,"column":null}},"line":8},"1":{"name":"createFilterBar","decl":{"start":{"line":13,"column":16},"end":{"line":13,"column":47}},"loc":{"start":{"line":13,"column":47},"end":{"line":58,"column":null}},"line":13},"2":{"name":"(anonymous_2)","decl":{"start":{"line":21,"column":9},"end":{"line":21,"column":14}},"loc":{"start":{"line":21,"column":20},"end":{"line":21,"column":133}},"line":21},"3":{"name":"readFiltersFromUI","decl":{"start":{"line":61,"column":16},"end":{"line":61,"column":34}},"loc":{"start":{"line":61,"column":65},"end":{"line":105,"column":null}},"line":61},"4":{"name":"(anonymous_4)","decl":{"start":{"line":65,"column":5},"end":{"line":65,"column":13}},"loc":{"start":{"line":65,"column":20},"end":{"line":65,"column":31}},"line":65},"5":{"name":"(anonymous_5)","decl":{"start":{"line":66,"column":5},"end":{"line":66,"column":10}},"loc":{"start":{"line":66,"column":17},"end":{"line":66,"column":58}},"line":66},"6":{"name":"restoreFiltersToUI","decl":{"start":{"line":108,"column":16},"end":{"line":108,"column":35}},"loc":{"start":{"line":108,"column":81},"end":{"line":147,"column":null}},"line":108},"7":{"name":"wireUpInteractions","decl":{"start":{"line":157,"column":16},"end":{"line":157,"column":35}},"loc":{"start":{"line":157,"column":80},"end":{"line":196,"column":null}},"line":157},"8":{"name":"(anonymous_8)","decl":{"start":{"line":160,"column":30},"end":{"line":160,"column":45}},"loc":{"start":{"line":160,"column":45},"end":{"line":167,"column":null}},"line":160},"9":{"name":"(anonymous_9)","decl":{"start":{"line":172,"column":25},"end":{"line":172,"column":40}},"loc":{"start":{"line":172,"column":40},"end":{"line":175,"column":null}},"line":172},"10":{"name":"(anonymous_10)","decl":{"start":{"line":179,"column":65},"end":{"line":179,"column":80}},"loc":{"start":{"line":179,"column":80},"end":{"line":181,"column":null}},"line":179},"11":{"name":"(anonymous_11)","decl":{"start":{"line":184,"column":72},"end":{"line":184,"column":87}},"loc":{"start":{"line":184,"column":87},"end":{"line":186,"column":null}},"line":184},"12":{"name":"(anonymous_12)","decl":{"start":{"line":189,"column":65},"end":{"line":189,"column":80}},"loc":{"start":{"line":189,"column":80},"end":{"line":191,"column":null}},"line":189},"13":{"name":"(anonymous_13)","decl":{"start":{"line":194,"column":64},"end":{"line":194,"column":79}},"loc":{"start":{"line":194,"column":79},"end":{"line":196,"column":null}},"line":194},"14":{"name":"isFeedPage","decl":{"start":{"line":199,"column":16},"end":{"line":199,"column":38}},"loc":{"start":{"line":199,"column":38},"end":{"line":200,"column":null}},"line":199}},"branchMap":{"0":{"loc":{"start":{"line":71,"column":4},"end":{"line":71,"column":null}},"type":"cond-expr","locations":[{"start":{"line":71,"column":40},"end":{"line":71,"column":47}},{"start":{"line":71,"column":47},"end":{"line":71,"column":null}}],"line":71},"1":{"loc":{"start":{"line":77,"column":48},"end":{"line":77,"column":null}},"type":"cond-expr","locations":[{"start":{"line":77,"column":61},"end":{"line":77,"column":74}},{"start":{"line":77,"column":74},"end":{"line":77,"column":null}}],"line":77},"2":{"loc":{"start":{"line":80,"column":23},"end":{"line":80,"column":null}},"type":"binary-expr","locations":[{"start":{"line":80,"column":23},"end":{"line":80,"column":84}},{"start":{"line":80,"column":84},"end":{"line":80,"column":null}}],"line":80},"3":{"loc":{"start":{"line":81,"column":22},"end":{"line":81,"column":null}},"type":"binary-expr","locations":[{"start":{"line":81,"column":22},"end":{"line":81,"column":89}},{"start":{"line":81,"column":89},"end":{"line":81,"column":null}}],"line":81},"4":{"loc":{"start":{"line":82,"column":28},"end":{"line":82,"column":null}},"type":"binary-expr","locations":[{"start":{"line":82,"column":28},"end":{"line":82,"column":94}},{"start":{"line":82,"column":94},"end":{"line":82,"column":null}}],"line":82},"5":{"loc":{"start":{"line":83,"column":22},"end":{"line":83,"column":null}},"type":"binary-expr","locations":[{"start":{"line":83,"column":22},"end":{"line":83,"column":89}},{"start":{"line":83,"column":89},"end":{"line":83,"column":null}}],"line":83},"6":{"loc":{"start":{"line":84,"column":23},"end":{"line":84,"column":null}},"type":"binary-expr","locations":[{"start":{"line":84,"column":23},"end":{"line":84,"column":91}},{"start":{"line":84,"column":91},"end":{"line":84,"column":null}}],"line":84},"7":{"loc":{"start":{"line":85,"column":22},"end":{"line":85,"column":null}},"type":"binary-expr","locations":[{"start":{"line":85,"column":22},"end":{"line":85,"column":89}},{"start":{"line":85,"column":89},"end":{"line":85,"column":null}}],"line":85},"8":{"loc":{"start":{"line":90,"column":29},"end":{"line":90,"column":null}},"type":"cond-expr","locations":[{"start":{"line":90,"column":38},"end":{"line":90,"column":64}},{"start":{"line":90,"column":64},"end":{"line":90,"column":null}}],"line":90},"9":{"loc":{"start":{"line":91,"column":29},"end":{"line":91,"column":null}},"type":"cond-expr","locations":[{"start":{"line":91,"column":38},"end":{"line":91,"column":64}},{"start":{"line":91,"column":64},"end":{"line":91,"column":null}}],"line":91},"10":{"loc":{"start":{"line":125,"column":2},"end":{"line":132,"column":null}},"type":"if","locations":[{"start":{"line":125,"column":2},"end":{"line":132,"column":null}},{"start":{"line":129,"column":9},"end":{"line":132,"column":null}}],"line":125},"11":{"loc":{"start":{"line":145,"column":4},"end":{"line":145,"column":null}},"type":"cond-expr","locations":[{"start":{"line":145,"column":41},"end":{"line":145,"column":80}},{"start":{"line":145,"column":83},"end":{"line":145,"column":null}}],"line":145},"12":{"loc":{"start":{"line":147,"column":4},"end":{"line":147,"column":null}},"type":"cond-expr","locations":[{"start":{"line":147,"column":41},"end":{"line":147,"column":80}},{"start":{"line":147,"column":83},"end":{"line":147,"column":null}}],"line":147},"13":{"loc":{"start":{"line":164,"column":36},"end":{"line":164,"column":null}},"type":"cond-expr","locations":[{"start":{"line":164,"column":47},"end":{"line":164,"column":56}},{"start":{"line":164,"column":56},"end":{"line":164,"column":null}}],"line":164},"14":{"loc":{"start":{"line":165,"column":38},"end":{"line":165,"column":null}},"type":"cond-expr","locations":[{"start":{"line":165,"column":49},"end":{"line":165,"column":58}},{"start":{"line":165,"column":58},"end":{"line":165,"column":null}}],"line":165},"15":{"loc":{"start":{"line":166,"column":29},"end":{"line":166,"column":null}},"type":"cond-expr","locations":[{"start":{"line":166,"column":40},"end":{"line":166,"column":56}},{"start":{"line":166,"column":56},"end":{"line":166,"column":null}}],"line":166},"16":{"loc":{"start":{"line":200,"column":9},"end":{"line":200,"column":73}},"type":"binary-expr","locations":[{"start":{"line":200,"column":9},"end":{"line":200,"column":38}},{"start":{"line":200,"column":38},"end":{"line":200,"column":73}}],"line":200}},"s":{"0":2,"1":99,"2":99,"3":32,"4":32,"5":32,"6":96,"7":32,"8":13,"9":13,"10":39,"11":38,"12":13,"13":13,"14":13,"15":13,"16":13,"17":13,"18":13,"19":13,"20":13,"21":13,"22":13,"23":13,"24":13,"25":13,"26":13,"27":13,"28":13,"29":39,"30":13,"31":13,"32":26,"33":13,"34":13,"35":13,"36":13,"37":3,"38":3,"39":3,"40":10,"41":10,"42":10,"43":13,"44":13,"45":13,"46":13,"47":13,"48":13,"49":13,"50":13,"51":11,"52":11,"53":3,"54":3,"55":3,"56":3,"57":3,"58":3,"59":11,"60":11,"61":22,"62":1,"63":2,"64":1,"65":11,"66":1,"67":11,"68":1,"69":11,"70":1,"71":11,"72":1,"73":17},"f":{"0":99,"1":32,"2":96,"3":13,"4":39,"5":38,"6":13,"7":11,"8":3,"9":1,"10":1,"11":1,"12":1,"13":1,"14":17},"b":{"0":[2,11],"1":[2,11],"2":[13,0],"3":[13,0],"4":[13,0],"5":[13,0],"6":[13,0],"7":[13,0],"8":[2,11],"9":[1,12],"10":[3,10],"11":[2,11],"12":[1,12],"13":[2,1],"14":[2,1],"15":[2,1],"16":[17,3]},"meta":{"lastBranch":17,"lastFunction":15,"lastStatement":74,"seen":{"s:5:29:5:Infinity":0,"f:8:16:8:35":0,"s:9:17:9:57":1,"s:10:2:10:Infinity":2,"f:13:16:13:47":1,"s:14:14:14:43":3,"s:15:2:15:Infinity":4,"s:17:2:22:Infinity":5,"f:21:9:21:14":2,"s:21:20:21:133":6,"s:58:2:58:Infinity":7,"f:61:16:61:34":3,"s:63:29:63:91":8,"s:64:24:66:58":9,"f:65:5:65:13":4,"s:65:20:65:31":10,"f:66:5:66:10":5,"s:66:17:66:58":11,"s:69:20:69:83":12,"s:71:4:71:Infinity":13,"b:71:40:71:47:71:47:71:Infinity":0,"s:76:4:76:Infinity":14,"s:77:48:77:Infinity":15,"b:77:61:77:74:77:74:77:Infinity":1,"s:80:23:80:Infinity":16,"b:80:23:80:84:80:84:80:Infinity":2,"s:81:22:81:Infinity":17,"b:81:22:81:89:81:89:81:Infinity":3,"s:82:28:82:Infinity":18,"b:82:28:82:94:82:94:82:Infinity":4,"s:83:22:83:Infinity":19,"b:83:22:83:89:83:89:83:Infinity":5,"s:84:23:84:Infinity":20,"b:84:23:84:91:84:91:84:Infinity":6,"s:85:22:85:Infinity":21,"b:85:22:85:89:85:89:85:Infinity":7,"s:88:17:88:Infinity":22,"s:89:17:89:Infinity":23,"s:90:29:90:Infinity":24,"b:90:38:90:64:90:64:90:Infinity":8,"s:91:29:91:Infinity":25,"b:91:38:91:64:91:64:91:Infinity":9,"s:93:2:105:Infinity":26,"f:108:16:108:35":6,"s:110:29:110:91":27,"s:111:2:112:Infinity":28,"s:112:4:112:Infinity":29,"s:116:19:116:69":30,"s:117:2:118:Infinity":31,"s:118:4:118:Infinity":32,"s:122:26:122:78":33,"s:123:28:123:82":34,"s:124:21:124:71":35,"b:125:2:132:Infinity:129:9:132:Infinity":10,"s:125:2:132:Infinity":36,"s:126:4:126:Infinity":37,"s:127:4:127:Infinity":38,"s:128:4:128:Infinity":39,"s:130:4:130:Infinity":40,"s:131:4:131:Infinity":41,"s:132:4:132:Infinity":42,"s:136:2:136:Infinity":43,"s:137:2:137:Infinity":44,"s:138:2:138:Infinity":45,"s:139:2:139:Infinity":46,"s:140:2:140:Infinity":47,"s:141:2:141:Infinity":48,"s:144:2:145:Infinity":49,"b:145:41:145:80:145:83:145:Infinity":11,"s:146:2:147:Infinity":50,"b:147:41:147:80:147:83:147:Infinity":12,"f:157:16:157:35":7,"s:159:21:159:71":51,"s:160:2:167:Infinity":52,"f:160:30:160:45":8,"s:161:28:161:80":53,"s:162:30:162:84":54,"s:163:21:163:Infinity":55,"s:164:4:164:Infinity":56,"b:164:47:164:56:164:56:164:Infinity":13,"s:165:4:165:Infinity":57,"b:165:49:165:58:165:58:165:Infinity":14,"s:166:4:166:Infinity":58,"b:166:40:166:56:166:56:166:Infinity":15,"s:170:19:170:69":59,"s:171:2:175:Infinity":60,"s:172:4:175:Infinity":61,"f:172:25:172:40":9,"s:173:6:173:Infinity":62,"s:173:32:173:Infinity":63,"s:174:6:174:Infinity":64,"s:179:2:181:Infinity":65,"f:179:65:179:80":10,"s:180:4:180:Infinity":66,"s:184:2:186:Infinity":67,"f:184:72:184:87":11,"s:185:4:185:Infinity":68,"s:189:2:191:Infinity":69,"f:189:65:189:80":12,"s:190:4:190:Infinity":70,"s:194:2:196:Infinity":71,"f:194:64:194:79":13,"s:195:4:195:Infinity":72,"f:199:16:199:38":14,"s:200:2:200:Infinity":73,"b:200:9:200:38:200:38:200:73":16}}}
,"/home/fabis/Code/personal/better-sc-feed/src/content-script/help-modal.ts": {"path":"/home/fabis/Code/personal/better-sc-feed/src/content-script/help-modal.ts","statementMap":{"0":{"start":{"line":1,"column":17},"end":{"line":1,"column":null}},"1":{"start":{"line":3,"column":18},"end":{"line":3,"column":null}},"2":{"start":{"line":78,"column":2},"end":{"line":78,"column":null}},"3":{"start":{"line":83,"column":2},"end":{"line":83,"column":null}},"4":{"start":{"line":83,"column":41},"end":{"line":83,"column":null}},"5":{"start":{"line":85,"column":20},"end":{"line":85,"column":49}},"6":{"start":{"line":86,"column":2},"end":{"line":86,"column":null}},"7":{"start":{"line":87,"column":2},"end":{"line":87,"column":null}},"8":{"start":{"line":88,"column":2},"end":{"line":88,"column":null}},"9":{"start":{"line":90,"column":19},"end":{"line":90,"column":77}},"10":{"start":{"line":91,"column":19},"end":{"line":91,"column":74}},"11":{"start":{"line":93,"column":2},"end":{"line":93,"column":null}},"12":{"start":{"line":93,"column":43},"end":{"line":93,"column":59}},"13":{"start":{"line":94,"column":2},"end":{"line":96,"column":null}},"14":{"start":{"line":95,"column":4},"end":{"line":95,"column":null}},"15":{"start":{"line":95,"column":31},"end":{"line":95,"column":null}},"16":{"start":{"line":98,"column":2},"end":{"line":103,"column":null}},"17":{"start":{"line":99,"column":4},"end":{"line":101,"column":null}},"18":{"start":{"line":100,"column":6},"end":{"line":100,"column":null}},"19":{"start":{"line":101,"column":6},"end":{"line":101,"column":null}}},"fnMap":{"0":{"name":"close","decl":{"start":{"line":77,"column":9},"end":{"line":77,"column":15}},"loc":{"start":{"line":77,"column":44},"end":{"line":78,"column":null}},"line":77},"1":{"name":"openHelpModal","decl":{"start":{"line":81,"column":16},"end":{"line":81,"column":38}},"loc":{"start":{"line":81,"column":38},"end":{"line":103,"column":null}},"line":81},"2":{"name":"(anonymous_2)","decl":{"start":{"line":93,"column":28},"end":{"line":93,"column":43}},"loc":{"start":{"line":93,"column":43},"end":{"line":93,"column":59}},"line":93},"3":{"name":"(anonymous_3)","decl":{"start":{"line":94,"column":28},"end":{"line":94,"column":38}},"loc":{"start":{"line":94,"column":44},"end":{"line":96,"column":null}},"line":94},"4":{"name":"handler","decl":{"start":{"line":98,"column":48},"end":{"line":98,"column":56}},"loc":{"start":{"line":98,"column":74},"end":{"line":103,"column":null}},"line":98}},"branchMap":{"0":{"loc":{"start":{"line":83,"column":2},"end":{"line":83,"column":null}},"type":"if","locations":[{"start":{"line":83,"column":2},"end":{"line":83,"column":null}},{"start":{},"end":{}}],"line":83},"1":{"loc":{"start":{"line":95,"column":4},"end":{"line":95,"column":null}},"type":"if","locations":[{"start":{"line":95,"column":4},"end":{"line":95,"column":null}},{"start":{},"end":{}}],"line":95},"2":{"loc":{"start":{"line":99,"column":4},"end":{"line":101,"column":null}},"type":"if","locations":[{"start":{"line":99,"column":4},"end":{"line":101,"column":null}},{"start":{},"end":{}}],"line":99}},"s":{"0":2,"1":2,"2":10,"3":9,"4":1,"5":8,"6":8,"7":8,"8":8,"9":8,"10":8,"11":8,"12":1,"13":8,"14":3,"15":1,"16":8,"17":8,"18":8,"19":8},"f":{"0":10,"1":9,"2":1,"3":3,"4":8},"b":{"0":[1,8],"1":[1,2],"2":[8,0]},"meta":{"lastBranch":3,"lastFunction":5,"lastStatement":20,"seen":{"s:1:17:1:Infinity":0,"s:3:18:3:Infinity":1,"f:77:9:77:15":0,"s:78:2:78:Infinity":2,"f:81:16:81:38":1,"b:83:2:83:Infinity:undefined:undefined:undefined:undefined":0,"s:83:2:83:Infinity":3,"s:83:41:83:Infinity":4,"s:85:20:85:49":5,"s:86:2:86:Infinity":6,"s:87:2:87:Infinity":7,"s:88:2:88:Infinity":8,"s:90:19:90:77":9,"s:91:19:91:74":10,"s:93:2:93:Infinity":11,"f:93:28:93:43":2,"s:93:43:93:59":12,"s:94:2:96:Infinity":13,"f:94:28:94:38":3,"b:95:4:95:Infinity:undefined:undefined:undefined:undefined":1,"s:95:4:95:Infinity":14,"s:95:31:95:Infinity":15,"s:98:2:103:Infinity":16,"f:98:48:98:56":4,"b:99:4:101:Infinity:undefined:undefined:undefined:undefined":2,"s:99:4:101:Infinity":17,"s:100:6:100:Infinity":18,"s:101:6:101:Infinity":19}}}
,"/home/fabis/Code/personal/better-sc-feed/src/content-script/index.ts": {"path":"/home/fabis/Code/personal/better-sc-feed/src/content-script/index.ts","statementMap":{"0":{"start":{"line":14,"column":6},"end":{"line":14,"column":42}},"1":{"start":{"line":15,"column":0},"end":{"line":15,"column":null}},"2":{"start":{"line":18,"column":10},"end":{"line":18,"column":42}},"3":{"start":{"line":19,"column":0},"end":{"line":19,"column":null}},"4":{"start":{"line":20,"column":0},"end":{"line":20,"column":null}},"5":{"start":{"line":20,"column":17},"end":{"line":20,"column":27}},"6":{"start":{"line":21,"column":1},"end":{"line":21,"column":null}},"7":{"start":{"line":23,"column":6},"end":{"line":23,"column":43}},"8":{"start":{"line":26,"column":35},"end":{"line":26,"column":null}},"9":{"start":{"line":27,"column":2},"end":{"line":27,"column":null}},"10":{"start":{"line":31,"column":8},"end":{"line":31,"column":40}},"11":{"start":{"line":32,"column":2},"end":{"line":32,"column":null}},"12":{"start":{"line":33,"column":2},"end":{"line":33,"column":null}},"13":{"start":{"line":37,"column":2},"end":{"line":38,"column":null}},"14":{"start":{"line":38,"column":4},"end":{"line":38,"column":null}},"15":{"start":{"line":41,"column":21},"end":{"line":41,"column":60}},"16":{"start":{"line":42,"column":21},"end":{"line":42,"column":64}},"17":{"start":{"line":43,"column":15},"end":{"line":43,"column":45}},"18":{"start":{"line":44,"column":24},"end":{"line":44,"column":null}},"19":{"start":{"line":46,"column":2},"end":{"line":47,"column":null}},"20":{"start":{"line":47,"column":4},"end":{"line":47,"column":null}},"21":{"start":{"line":50,"column":2},"end":{"line":53,"column":null}},"22":{"start":{"line":55,"column":8},"end":{"line":55,"column":31}},"23":{"start":{"line":56,"column":2},"end":{"line":56,"column":null}},"24":{"start":{"line":57,"column":2},"end":{"line":57,"column":null}},"25":{"start":{"line":59,"column":2},"end":{"line":61,"column":null}},"26":{"start":{"line":60,"column":4},"end":{"line":60,"column":null}},"27":{"start":{"line":63,"column":2},"end":{"line":71,"column":null}},"28":{"start":{"line":66,"column":6},"end":{"line":66,"column":null}},"29":{"start":{"line":67,"column":6},"end":{"line":67,"column":null}},"30":{"start":{"line":69,"column":14},"end":{"line":69,"column":58}},"31":{"start":{"line":73,"column":2},"end":{"line":73,"column":null}},"32":{"start":{"line":81,"column":17},"end":{"line":83,"column":null}},"33":{"start":{"line":82,"column":2},"end":{"line":82,"column":null}},"34":{"start":{"line":82,"column":20},"end":{"line":82,"column":null}},"35":{"start":{"line":86,"column":2},"end":{"line":86,"column":null}},"36":{"start":{"line":88,"column":2},"end":{"line":88,"column":null}},"37":{"start":{"line":88,"column":20},"end":{"line":88,"column":null}},"38":{"start":{"line":91,"column":0},"end":{"line":94,"column":null}},"39":{"start":{"line":92,"column":2},"end":{"line":92,"column":null}},"40":{"start":{"line":94,"column":2},"end":{"line":94,"column":null}},"41":{"start":{"line":94,"column":54},"end":{"line":94,"column":70}}},"fnMap":{"0":{"name":"(anonymous_0)","decl":{"start":{"line":20,"column":2},"end":{"line":20,"column":17}},"loc":{"start":{"line":20,"column":17},"end":{"line":20,"column":27}},"line":20},"1":{"name":"sendFilters","decl":{"start":{"line":25,"column":9},"end":{"line":25,"column":21}},"loc":{"start":{"line":25,"column":49},"end":{"line":27,"column":null}},"line":25},"2":{"name":"applyFiltersFromUI","decl":{"start":{"line":30,"column":16},"end":{"line":30,"column":35}},"loc":{"start":{"line":30,"column":59},"end":{"line":33,"column":null}},"line":30},"3":{"name":"injectFilterUI","decl":{"start":{"line":36,"column":16},"end":{"line":36,"column":42}},"loc":{"start":{"line":36,"column":42},"end":{"line":73,"column":null}},"line":36},"4":{"name":"(anonymous_4)","decl":{"start":{"line":59,"column":17},"end":{"line":59,"column":23}},"loc":{"start":{"line":59,"column":35},"end":{"line":61,"column":null}},"line":59},"5":{"name":"(anonymous_5)","decl":{"start":{"line":65,"column":4},"end":{"line":65,"column":20}},"loc":{"start":{"line":65,"column":26},"end":{"line":67,"column":null}},"line":65},"6":{"name":"(anonymous_6)","decl":{"start":{"line":69,"column":4},"end":{"line":69,"column":14}},"loc":{"start":{"line":69,"column":14},"end":{"line":69,"column":58}},"line":69},"7":{"name":"(anonymous_7)","decl":{"start":{"line":81,"column":21},"end":{"line":81,"column":44}},"loc":{"start":{"line":81,"column":44},"end":{"line":83,"column":null}},"line":81},"8":{"name":"startObserving","decl":{"start":{"line":85,"column":9},"end":{"line":85,"column":32}},"loc":{"start":{"line":85,"column":32},"end":{"line":88,"column":null}},"line":85},"9":{"name":"(anonymous_9)","decl":{"start":{"line":94,"column":28},"end":{"line":94,"column":54}},"loc":{"start":{"line":94,"column":54},"end":{"line":94,"column":70}},"line":94}},"branchMap":{"0":{"loc":{"start":{"line":21,"column":1},"end":{"line":21,"column":44}},"type":"binary-expr","locations":[{"start":{"line":21,"column":1},"end":{"line":21,"column":18}},{"start":{"line":21,"column":18},"end":{"line":21,"column":44}}],"line":21},"1":{"loc":{"start":{"line":37,"column":2},"end":{"line":38,"column":null}},"type":"if","locations":[{"start":{"line":37,"column":2},"end":{"line":38,"column":null}},{"start":{},"end":{}}],"line":37},"2":{"loc":{"start":{"line":44,"column":24},"end":{"line":44,"column":null}},"type":"binary-expr","locations":[{"start":{"line":44,"column":24},"end":{"line":44,"column":38}},{"start":{"line":44,"column":38},"end":{"line":44,"column":52}},{"start":{"line":44,"column":52},"end":{"line":44,"column":null}}],"line":44},"3":{"loc":{"start":{"line":46,"column":2},"end":{"line":47,"column":null}},"type":"if","locations":[{"start":{"line":46,"column":2},"end":{"line":47,"column":null}},{"start":{},"end":{}}],"line":46},"4":{"loc":{"start":{"line":82,"column":2},"end":{"line":82,"column":null}},"type":"if","locations":[{"start":{"line":82,"column":2},"end":{"line":82,"column":null}},{"start":{},"end":{}}],"line":82},"5":{"loc":{"start":{"line":88,"column":2},"end":{"line":88,"column":null}},"type":"if","locations":[{"start":{"line":88,"column":2},"end":{"line":88,"column":null}},{"start":{},"end":{}}],"line":88},"6":{"loc":{"start":{"line":91,"column":0},"end":{"line":94,"column":null}},"type":"if","locations":[{"start":{"line":91,"column":0},"end":{"line":94,"column":null}},{"start":{"line":93,"column":7},"end":{"line":94,"column":null}}],"line":91}},"s":{"0":1,"1":1,"2":1,"3":1,"4":1,"5":0,"6":1,"7":1,"8":2,"9":2,"10":2,"11":2,"12":2,"13":19,"14":9,"15":10,"16":10,"17":10,"18":10,"19":19,"20":6,"21":4,"22":4,"23":4,"24":19,"25":19,"26":4,"27":19,"28":0,"29":0,"30":0,"31":19,"32":1,"33":12,"34":12,"35":1,"36":1,"37":1,"38":1,"39":1,"40":0,"41":0},"f":{"0":0,"1":2,"2":2,"3":19,"4":4,"5":0,"6":0,"7":12,"8":1,"9":0},"b":{"0":[1,0],"1":[9,10],"2":[10,6,6],"3":[6,13],"4":[12,0],"5":[1,0],"6":[1,0]},"meta":{"lastBranch":7,"lastFunction":10,"lastStatement":42,"seen":{"s:14:6:14:42":0,"s:15:0:15:Infinity":1,"s:18:10:18:42":2,"s:19:0:19:Infinity":3,"s:20:0:20:Infinity":4,"f:20:2:20:17":0,"s:20:17:20:27":5,"s:21:1:21:Infinity":6,"b:21:1:21:18:21:18:21:44":0,"s:23:6:23:43":7,"f:25:9:25:21":1,"s:26:35:26:Infinity":8,"s:27:2:27:Infinity":9,"f:30:16:30:35":2,"s:31:8:31:40":10,"s:32:2:32:Infinity":11,"s:33:2:33:Infinity":12,"f:36:16:36:42":3,"b:37:2:38:Infinity:undefined:undefined:undefined:undefined":1,"s:37:2:38:Infinity":13,"s:38:4:38:Infinity":14,"s:41:21:41:60":15,"s:42:21:42:64":16,"s:43:15:43:45":17,"s:44:24:44:Infinity":18,"b:44:24:44:38:44:38:44:52:44:52:44:Infinity":2,"b:46:2:47:Infinity:undefined:undefined:undefined:undefined":3,"s:46:2:47:Infinity":19,"s:47:4:47:Infinity":20,"s:50:2:53:Infinity":21,"s:55:8:55:31":22,"s:56:2:56:Infinity":23,"s:57:2:57:Infinity":24,"s:59:2:61:Infinity":25,"f:59:17:59:23":4,"s:60:4:60:Infinity":26,"s:63:2:71:Infinity":27,"f:65:4:65:20":5,"s:66:6:66:Infinity":28,"s:67:6:67:Infinity":29,"f:69:4:69:14":6,"s:69:14:69:58":30,"s:73:2:73:Infinity":31,"s:81:17:83:Infinity":32,"f:81:21:81:44":7,"b:82:2:82:Infinity:undefined:undefined:undefined:undefined":4,"s:82:2:82:Infinity":33,"s:82:20:82:Infinity":34,"f:85:9:85:32":8,"s:86:2:86:Infinity":35,"b:88:2:88:Infinity:undefined:undefined:undefined:undefined":5,"s:88:2:88:Infinity":36,"s:88:20:88:Infinity":37,"b:91:0:94:Infinity:93:7:94:Infinity":6,"s:91:0:94:Infinity":38,"s:92:2:92:Infinity":39,"s:94:2:94:Infinity":40,"f:94:28:94:54":9,"s:94:54:94:70":41}}}
,"/home/fabis/Code/personal/better-sc-feed/src/injected/index.ts": {"path":"/home/fabis/Code/personal/better-sc-feed/src/injected/index.ts","statementMap":{"0":{"start":{"line":6,"column":6},"end":{"line":6,"column":36}},"1":{"start":{"line":8,"column":1},"end":{"line":27,"column":null}},"2":{"start":{"line":9,"column":6},"end":{"line":9,"column":53}},"3":{"start":{"line":10,"column":2},"end":{"line":10,"column":null}},"4":{"start":{"line":12,"column":8},"end":{"line":12,"column":null}},"5":{"start":{"line":12,"column":27},"end":{"line":12,"column":null}},"6":{"start":{"line":14,"column":2},"end":{"line":18,"column":null}},"7":{"start":{"line":15,"column":4},"end":{"line":15,"column":null}},"8":{"start":{"line":15,"column":68},"end":{"line":15,"column":null}},"9":{"start":{"line":16,"column":4},"end":{"line":16,"column":null}},"10":{"start":{"line":17,"column":4},"end":{"line":17,"column":null}},"11":{"start":{"line":20,"column":24},"end":{"line":20,"column":null}},"12":{"start":{"line":21,"column":2},"end":{"line":21,"column":null}},"13":{"start":{"line":23,"column":2},"end":{"line":23,"column":null}},"14":{"start":{"line":26,"column":2},"end":{"line":26,"column":null}}},"fnMap":{"0":{"name":"(anonymous_0)","decl":{"start":{"line":8,"column":1},"end":{"line":8,"column":13}},"loc":{"start":{"line":8,"column":13},"end":{"line":27,"column":null}},"line":8},"1":{"name":"(anonymous_1)","decl":{"start":{"line":12,"column":8},"end":{"line":12,"column":27}},"loc":{"start":{"line":12,"column":27},"end":{"line":12,"column":null}},"line":12},"2":{"name":"(anonymous_2)","decl":{"start":{"line":14,"column":26},"end":{"line":14,"column":38}},"loc":{"start":{"line":14,"column":73},"end":{"line":18,"column":null}},"line":14}},"branchMap":{"0":{"loc":{"start":{"line":15,"column":4},"end":{"line":15,"column":null}},"type":"if","locations":[{"start":{"line":15,"column":4},"end":{"line":15,"column":null}},{"start":{},"end":{}}],"line":15},"1":{"loc":{"start":{"line":15,"column":8},"end":{"line":15,"column":68}},"type":"binary-expr","locations":[{"start":{"line":15,"column":8},"end":{"line":15,"column":31}},{"start":{"line":15,"column":31},"end":{"line":15,"column":68}}],"line":15}},"s":{"0":1,"1":1,"2":1,"3":1,"4":1,"5":0,"6":1,"7":2,"8":1,"9":1,"10":1,"11":1,"12":1,"13":1,"14":1},"f":{"0":1,"1":0,"2":2},"b":{"0":[1,1],"1":[2,1]},"meta":{"lastBranch":2,"lastFunction":3,"lastStatement":15,"seen":{"s:6:6:6:36":0,"s:8:1:27:Infinity":1,"f:8:1:8:13":0,"s:9:6:9:53":2,"s:10:2:10:Infinity":3,"s:12:8:12:Infinity":4,"f:12:8:12:27":1,"s:12:27:12:Infinity":5,"s:14:2:18:Infinity":6,"f:14:26:14:38":2,"b:15:4:15:Infinity:undefined:undefined:undefined:undefined":0,"s:15:4:15:Infinity":7,"b:15:8:15:31:15:31:15:68":1,"s:15:68:15:Infinity":8,"s:16:4:16:Infinity":9,"s:17:4:17:Infinity":10,"s:20:24:20:Infinity":11,"s:21:2:21:Infinity":12,"s:23:2:23:Infinity":13,"s:26:2:26:Infinity":14}}}
,"/home/fabis/Code/personal/better-sc-feed/src/injected/intercept.ts": {"path":"/home/fabis/Code/personal/better-sc-feed/src/injected/intercept.ts","statementMap":{"0":{"start":{"line":13,"column":21},"end":{"line":13,"column":null}},"1":{"start":{"line":20,"column":2},"end":{"line":52,"column":null}},"2":{"start":{"line":21,"column":10},"end":{"line":21,"column":33}},"3":{"start":{"line":23,"column":4},"end":{"line":24,"column":null}},"4":{"start":{"line":24,"column":6},"end":{"line":24,"column":null}},"5":{"start":{"line":27,"column":20},"end":{"line":27,"column":32}},"6":{"start":{"line":28,"column":10},"end":{"line":28,"column":69}},"7":{"start":{"line":29,"column":4},"end":{"line":29,"column":null}},"8":{"start":{"line":31,"column":26},"end":{"line":31,"column":null}},"9":{"start":{"line":33,"column":21},"end":{"line":33,"column":93}},"10":{"start":{"line":34,"column":18},"end":{"line":34,"column":34}},"11":{"start":{"line":37,"column":4},"end":{"line":40,"column":null}},"12":{"start":{"line":38,"column":6},"end":{"line":38,"column":null}},"13":{"start":{"line":40,"column":6},"end":{"line":40,"column":null}},"14":{"start":{"line":43,"column":10},"end":{"line":43,"column":56}},"15":{"start":{"line":44,"column":24},"end":{"line":44,"column":null}},"16":{"start":{"line":45,"column":23},"end":{"line":45,"column":null}},"17":{"start":{"line":46,"column":4},"end":{"line":46,"column":null}},"18":{"start":{"line":48,"column":4},"end":{"line":52,"column":null}},"19":{"start":{"line":60,"column":19},"end":{"line":60,"column":null}},"20":{"start":{"line":61,"column":19},"end":{"line":61,"column":null}},"21":{"start":{"line":63,"column":2},"end":{"line":88,"column":null}},"22":{"start":{"line":71,"column":19},"end":{"line":71,"column":30}},"23":{"start":{"line":72,"column":4},"end":{"line":72,"column":null}},"24":{"start":{"line":74,"column":20},"end":{"line":74,"column":32}},"25":{"start":{"line":75,"column":26},"end":{"line":75,"column":51}},"26":{"start":{"line":76,"column":21},"end":{"line":78,"column":null}},"27":{"start":{"line":80,"column":4},"end":{"line":85,"column":null}},"28":{"start":{"line":81,"column":6},"end":{"line":85,"column":null}},"29":{"start":{"line":88,"column":4},"end":{"line":88,"column":null}},"30":{"start":{"line":91,"column":2},"end":{"line":117,"column":null}},"31":{"start":{"line":95,"column":4},"end":{"line":115,"column":null}},"32":{"start":{"line":96,"column":22},"end":{"line":96,"column":34}},"33":{"start":{"line":97,"column":6},"end":{"line":115,"column":null}},"34":{"start":{"line":98,"column":8},"end":{"line":111,"column":null}},"35":{"start":{"line":99,"column":10},"end":{"line":111,"column":null}},"36":{"start":{"line":100,"column":25},"end":{"line":100,"column":54}},"37":{"start":{"line":101,"column":18},"end":{"line":101,"column":64}},"38":{"start":{"line":102,"column":32},"end":{"line":102,"column":null}},"39":{"start":{"line":103,"column":31},"end":{"line":103,"column":null}},"40":{"start":{"line":104,"column":12},"end":{"line":108,"column":null}},"41":{"start":{"line":109,"column":12},"end":{"line":109,"column":null}},"42":{"start":{"line":110,"column":12},"end":{"line":110,"column":null}},"43":{"start":{"line":117,"column":4},"end":{"line":117,"column":null}}},"fnMap":{"0":{"name":"createFetchInterceptor","decl":{"start":{"line":15,"column":16},"end":{"line":15,"column":null}},"loc":{"start":{"line":19,"column":23},"end":{"line":52,"column":null}},"line":19},"1":{"name":"(anonymous_1)","decl":{"start":{"line":20,"column":9},"end":{"line":20,"column":40}},"loc":{"start":{"line":20,"column":105},"end":{"line":52,"column":null}},"line":20},"2":{"name":"patchXHR","decl":{"start":{"line":56,"column":16},"end":{"line":56,"column":null}},"loc":{"start":{"line":59,"column":8},"end":{"line":117,"column":null}},"line":59},"3":{"name":"(anonymous_3)","decl":{"start":{"line":63,"column":34},"end":{"line":63,"column":null}},"loc":{"start":{"line":70,"column":4},"end":{"line":88,"column":null}},"line":70},"4":{"name":"(anonymous_4)","decl":{"start":{"line":91,"column":34},"end":{"line":91,"column":null}},"loc":{"start":{"line":94,"column":4},"end":{"line":117,"column":null}},"line":94},"5":{"name":"(anonymous_5)","decl":{"start":{"line":97,"column":48},"end":{"line":97,"column":80}},"loc":{"start":{"line":97,"column":80},"end":{"line":115,"column":null}},"line":97}},"branchMap":{"0":{"loc":{"start":{"line":23,"column":4},"end":{"line":24,"column":null}},"type":"if","locations":[{"start":{"line":23,"column":4},"end":{"line":24,"column":null}},{"start":{},"end":{}}],"line":23},"1":{"loc":{"start":{"line":31,"column":26},"end":{"line":31,"column":null}},"type":"cond-expr","locations":[{"start":{"line":31,"column":53},"end":{"line":31,"column":84}},{"start":{"line":31,"column":87},"end":{"line":31,"column":null}}],"line":31},"2":{"loc":{"start":{"line":44,"column":24},"end":{"line":44,"column":null}},"type":"binary-expr","locations":[{"start":{"line":44,"column":24},"end":{"line":44,"column":51}},{"start":{"line":44,"column":51},"end":{"line":44,"column":null}}],"line":44},"3":{"loc":{"start":{"line":45,"column":23},"end":{"line":45,"column":null}},"type":"binary-expr","locations":[{"start":{"line":45,"column":23},"end":{"line":45,"column":54}},{"start":{"line":45,"column":54},"end":{"line":45,"column":null}}],"line":45},"4":{"loc":{"start":{"line":76,"column":21},"end":{"line":78,"column":null}},"type":"cond-expr","locations":[{"start":{"line":76,"column":21},"end":{"line":77,"column":56}},{"start":{"line":78,"column":8},"end":{"line":78,"column":null}}],"line":76},"5":{"loc":{"start":{"line":80,"column":4},"end":{"line":85,"column":null}},"type":"if","locations":[{"start":{"line":80,"column":4},"end":{"line":85,"column":null}},{"start":{},"end":{}}],"line":80},"6":{"loc":{"start":{"line":88,"column":49},"end":{"line":88,"column":64}},"type":"binary-expr","locations":[{"start":{"line":88,"column":49},"end":{"line":88,"column":58}},{"start":{"line":88,"column":58},"end":{"line":88,"column":64}}],"line":88},"7":{"loc":{"start":{"line":88,"column":64},"end":{"line":88,"column":82}},"type":"binary-expr","locations":[{"start":{"line":88,"column":64},"end":{"line":88,"column":76}},{"start":{"line":88,"column":76},"end":{"line":88,"column":82}}],"line":88},"8":{"loc":{"start":{"line":88,"column":82},"end":{"line":88,"column":99}},"type":"binary-expr","locations":[{"start":{"line":88,"column":82},"end":{"line":88,"column":94}},{"start":{"line":88,"column":94},"end":{"line":88,"column":99}}],"line":88},"9":{"loc":{"start":{"line":95,"column":4},"end":{"line":115,"column":null}},"type":"if","locations":[{"start":{"line":95,"column":4},"end":{"line":115,"column":null}},{"start":{},"end":{}}],"line":95},"10":{"loc":{"start":{"line":95,"column":8},"end":{"line":95,"column":67}},"type":"binary-expr","locations":[{"start":{"line":95,"column":8},"end":{"line":95,"column":30}},{"start":{"line":95,"column":30},"end":{"line":95,"column":67}}],"line":95},"11":{"loc":{"start":{"line":98,"column":8},"end":{"line":111,"column":null}},"type":"if","locations":[{"start":{"line":98,"column":8},"end":{"line":111,"column":null}},{"start":{},"end":{}}],"line":98},"12":{"loc":{"start":{"line":102,"column":32},"end":{"line":102,"column":null}},"type":"binary-expr","locations":[{"start":{"line":102,"column":32},"end":{"line":102,"column":59}},{"start":{"line":102,"column":59},"end":{"line":102,"column":null}}],"line":102},"13":{"loc":{"start":{"line":103,"column":31},"end":{"line":103,"column":null}},"type":"binary-expr","locations":[{"start":{"line":103,"column":31},"end":{"line":103,"column":62}},{"start":{"line":103,"column":62},"end":{"line":103,"column":null}}],"line":103}},"s":{"0":2,"1":8,"2":7,"3":7,"4":1,"5":6,"6":6,"7":6,"8":6,"9":7,"10":6,"11":6,"12":6,"13":1,"14":5,"15":5,"16":7,"17":7,"18":7,"19":6,"20":6,"21":6,"22":5,"23":5,"24":5,"25":5,"26":5,"27":5,"28":3,"29":5,"30":6,"31":2,"32":2,"33":2,"34":2,"35":2,"36":2,"37":2,"38":2,"39":2,"40":2,"41":2,"42":2,"43":2},"f":{"0":8,"1":7,"2":6,"3":5,"4":2,"5":2},"b":{"0":[1,6],"1":[1,5],"2":[5,0],"3":[7,0],"4":[3,2],"5":[3,2],"6":[5,5],"7":[5,5],"8":[5,5],"9":[2,0],"10":[2,2],"11":[2,0],"12":[2,0],"13":[2,0]},"meta":{"lastBranch":14,"lastFunction":6,"lastStatement":44,"seen":{"s:13:21:13:Infinity":0,"f:15:16:15:Infinity":0,"s:20:2:52:Infinity":1,"f:20:9:20:40":1,"s:21:10:21:33":2,"b:23:4:24:Infinity:undefined:undefined:undefined:undefined":0,"s:23:4:24:Infinity":3,"s:24:6:24:Infinity":4,"s:27:20:27:32":5,"s:28:10:28:69":6,"s:29:4:29:Infinity":7,"s:31:26:31:Infinity":8,"b:31:53:31:84:31:87:31:Infinity":1,"s:33:21:33:93":9,"s:34:18:34:34":10,"s:37:4:40:Infinity":11,"s:38:6:38:Infinity":12,"s:40:6:40:Infinity":13,"s:43:10:43:56":14,"s:44:24:44:Infinity":15,"b:44:24:44:51:44:51:44:Infinity":2,"s:45:23:45:Infinity":16,"b:45:23:45:54:45:54:45:Infinity":3,"s:46:4:46:Infinity":17,"s:48:4:52:Infinity":18,"f:56:16:56:Infinity":2,"s:60:19:60:Infinity":19,"s:61:19:61:Infinity":20,"s:63:2:88:Infinity":21,"f:63:34:63:Infinity":3,"s:71:19:71:30":22,"s:72:4:72:Infinity":23,"s:74:20:74:32":24,"s:75:26:75:51":25,"s:76:21:78:Infinity":26,"b:76:21:77:56:78:8:78:Infinity":4,"b:80:4:85:Infinity:undefined:undefined:undefined:undefined":5,"s:80:4:85:Infinity":27,"s:81:6:85:Infinity":28,"s:88:4:88:Infinity":29,"b:88:49:88:58:88:58:88:64":6,"b:88:64:88:76:88:76:88:82":7,"b:88:82:88:94:88:94:88:99":8,"s:91:2:117:Infinity":30,"f:91:34:91:Infinity":4,"b:95:4:115:Infinity:undefined:undefined:undefined:undefined":9,"s:95:4:115:Infinity":31,"b:95:8:95:30:95:30:95:67":10,"s:96:22:96:34":32,"s:97:6:115:Infinity":33,"f:97:48:97:80":5,"b:98:8:111:Infinity:undefined:undefined:undefined:undefined":11,"s:98:8:111:Infinity":34,"s:99:10:111:Infinity":35,"s:100:25:100:54":36,"s:101:18:101:64":37,"s:102:32:102:Infinity":38,"b:102:32:102:59:102:59:102:Infinity":12,"s:103:31:103:Infinity":39,"b:103:31:103:62:103:62:103:Infinity":13,"s:104:12:108:Infinity":40,"s:109:12:109:Infinity":41,"s:110:12:110:Infinity":42,"s:117:4:117:Infinity":43}}}
,"/home/fabis/Code/personal/better-sc-feed/src/shared/filters.ts": {"path":"/home/fabis/Code/personal/better-sc-feed/src/shared/filters.ts","statementMap":{"0":{"start":{"line":15,"column":2},"end":{"line":41,"column":null}},"1":{"start":{"line":16,"column":4},"end":{"line":19,"column":null}},"2":{"start":{"line":17,"column":12},"end":{"line":17,"column":60}},"3":{"start":{"line":18,"column":12},"end":{"line":18,"column":45}},"4":{"start":{"line":19,"column":6},"end":{"line":19,"column":null}},"5":{"start":{"line":19,"column":64},"end":{"line":19,"column":null}},"6":{"start":{"line":22,"column":44},"end":{"line":28,"column":null}},"7":{"start":{"line":30,"column":25},"end":{"line":30,"column":70}},"8":{"start":{"line":30,"column":55},"end":{"line":30,"column":70}},"9":{"start":{"line":32,"column":4},"end":{"line":41,"column":null}},"10":{"start":{"line":33,"column":22},"end":{"line":36,"column":null}},"11":{"start":{"line":34,"column":14},"end":{"line":34,"column":46}},"12":{"start":{"line":35,"column":8},"end":{"line":35,"column":null}},"13":{"start":{"line":38,"column":6},"end":{"line":41,"column":null}},"14":{"start":{"line":39,"column":8},"end":{"line":39,"column":null}},"15":{"start":{"line":39,"column":37},"end":{"line":39,"column":null}},"16":{"start":{"line":41,"column":8},"end":{"line":41,"column":null}},"17":{"start":{"line":41,"column":36},"end":{"line":41,"column":null}},"18":{"start":{"line":46,"column":2},"end":{"line":46,"column":null}},"19":{"start":{"line":51,"column":2},"end":{"line":51,"column":null}},"20":{"start":{"line":51,"column":26},"end":{"line":51,"column":null}},"21":{"start":{"line":52,"column":2},"end":{"line":52,"column":null}},"22":{"start":{"line":52,"column":92},"end":{"line":52,"column":null}},"23":{"start":{"line":53,"column":2},"end":{"line":53,"column":null}},"24":{"start":{"line":53,"column":92},"end":{"line":53,"column":null}},"25":{"start":{"line":54,"column":2},"end":{"line":54,"column":null}},"26":{"start":{"line":63,"column":16},"end":{"line":63,"column":null}},"27":{"start":{"line":64,"column":2},"end":{"line":64,"column":null}},"28":{"start":{"line":64,"column":14},"end":{"line":64,"column":null}},"29":{"start":{"line":66,"column":17},"end":{"line":66,"column":null}},"30":{"start":{"line":67,"column":20},"end":{"line":67,"column":null}},"31":{"start":{"line":69,"column":2},"end":{"line":78,"column":null}},"32":{"start":{"line":72,"column":30},"end":{"line":72,"column":null}},"33":{"start":{"line":73,"column":27},"end":{"line":73,"column":null}},"34":{"start":{"line":74,"column":27},"end":{"line":77,"column":null}},"35":{"start":{"line":75,"column":38},"end":{"line":75,"column":null}},"36":{"start":{"line":76,"column":6},"end":{"line":76,"column":null}},"37":{"start":{"line":78,"column":4},"end":{"line":78,"column":null}},"38":{"start":{"line":82,"column":2},"end":{"line":82,"column":null}},"39":{"start":{"line":82,"column":44},"end":{"line":82,"column":null}},"40":{"start":{"line":83,"column":2},"end":{"line":83,"column":null}},"41":{"start":{"line":83,"column":56},"end":{"line":83,"column":null}},"42":{"start":{"line":84,"column":2},"end":{"line":84,"column":null}},"43":{"start":{"line":92,"column":2},"end":{"line":95,"column":null}},"44":{"start":{"line":94,"column":54},"end":{"line":94,"column":83}}},"fnMap":{"0":{"name":"matchesSearchFilters","decl":{"start":{"line":14,"column":9},"end":{"line":14,"column":30}},"loc":{"start":{"line":14,"column":81},"end":{"line":46,"column":null}},"line":14},"1":{"name":"(anonymous_1)","decl":{"start":{"line":30,"column":37},"end":{"line":30,"column":45}},"loc":{"start":{"line":30,"column":55},"end":{"line":30,"column":70}},"line":30},"2":{"name":"(anonymous_2)","decl":{"start":{"line":33,"column":35},"end":{"line":33,"column":40}},"loc":{"start":{"line":33,"column":56},"end":{"line":36,"column":null}},"line":33},"3":{"name":"matchesDuration","decl":{"start":{"line":50,"column":9},"end":{"line":50,"column":25}},"loc":{"start":{"line":50,"column":95},"end":{"line":54,"column":null}},"line":50},"4":{"name":"matchesFilters","decl":{"start":{"line":62,"column":16},"end":{"line":62,"column":31}},"loc":{"start":{"line":62,"column":82},"end":{"line":84,"column":null}},"line":62},"5":{"name":"(anonymous_5)","decl":{"start":{"line":74,"column":34},"end":{"line":74,"column":40}},"loc":{"start":{"line":74,"column":50},"end":{"line":77,"column":null}},"line":74},"6":{"name":"filterStreamResponse","decl":{"start":{"line":88,"column":16},"end":{"line":88,"column":null}},"loc":{"start":{"line":91,"column":20},"end":{"line":95,"column":null}},"line":91},"7":{"name":"(anonymous_7)","decl":{"start":{"line":94,"column":37},"end":{"line":94,"column":45}},"loc":{"start":{"line":94,"column":54},"end":{"line":94,"column":83}},"line":94}},"branchMap":{"0":{"loc":{"start":{"line":15,"column":2},"end":{"line":41,"column":null}},"type":"if","locations":[{"start":{"line":15,"column":2},"end":{"line":41,"column":null}},{"start":{"line":21,"column":9},"end":{"line":41,"column":null}}],"line":15},"1":{"loc":{"start":{"line":16,"column":4},"end":{"line":19,"column":null}},"type":"if","locations":[{"start":{"line":16,"column":4},"end":{"line":19,"column":null}},{"start":{},"end":{}}],"line":16},"2":{"loc":{"start":{"line":19,"column":6},"end":{"line":19,"column":null}},"type":"if","locations":[{"start":{"line":19,"column":6},"end":{"line":19,"column":null}},{"start":{},"end":{}}],"line":19},"3":{"loc":{"start":{"line":32,"column":4},"end":{"line":41,"column":null}},"type":"if","locations":[{"start":{"line":32,"column":4},"end":{"line":41,"column":null}},{"start":{},"end":{}}],"line":32},"4":{"loc":{"start":{"line":38,"column":6},"end":{"line":41,"column":null}},"type":"if","locations":[{"start":{"line":38,"column":6},"end":{"line":41,"column":null}},{"start":{"line":40,"column":13},"end":{"line":41,"column":null}}],"line":38},"5":{"loc":{"start":{"line":39,"column":8},"end":{"line":39,"column":null}},"type":"if","locations":[{"start":{"line":39,"column":8},"end":{"line":39,"column":null}},{"start":{},"end":{}}],"line":39},"6":{"loc":{"start":{"line":41,"column":8},"end":{"line":41,"column":null}},"type":"if","locations":[{"start":{"line":41,"column":8},"end":{"line":41,"column":null}},{"start":{},"end":{}}],"line":41},"7":{"loc":{"start":{"line":51,"column":2},"end":{"line":51,"column":null}},"type":"if","locations":[{"start":{"line":51,"column":2},"end":{"line":51,"column":null}},{"start":{},"end":{}}],"line":51},"8":{"loc":{"start":{"line":52,"column":2},"end":{"line":52,"column":null}},"type":"if","locations":[{"start":{"line":52,"column":2},"end":{"line":52,"column":null}},{"start":{},"end":{}}],"line":52},"9":{"loc":{"start":{"line":52,"column":6},"end":{"line":52,"column":92}},"type":"binary-expr","locations":[{"start":{"line":52,"column":6},"end":{"line":52,"column":44}},{"start":{"line":52,"column":44},"end":{"line":52,"column":92}}],"line":52},"10":{"loc":{"start":{"line":53,"column":2},"end":{"line":53,"column":null}},"type":"if","locations":[{"start":{"line":53,"column":2},"end":{"line":53,"column":null}},{"start":{},"end":{}}],"line":53},"11":{"loc":{"start":{"line":53,"column":6},"end":{"line":53,"column":92}},"type":"binary-expr","locations":[{"start":{"line":53,"column":6},"end":{"line":53,"column":44}},{"start":{"line":53,"column":44},"end":{"line":53,"column":92}}],"line":53},"12":{"loc":{"start":{"line":63,"column":16},"end":{"line":63,"column":null}},"type":"binary-expr","locations":[{"start":{"line":63,"column":16},"end":{"line":63,"column":31}},{"start":{"line":63,"column":31},"end":{"line":63,"column":null}}],"line":63},"13":{"loc":{"start":{"line":64,"column":2},"end":{"line":64,"column":null}},"type":"if","locations":[{"start":{"line":64,"column":2},"end":{"line":64,"column":null}},{"start":{},"end":{}}],"line":64},"14":{"loc":{"start":{"line":67,"column":20},"end":{"line":67,"column":null}},"type":"binary-expr","locations":[{"start":{"line":67,"column":20},"end":{"line":67,"column":38}},{"start":{"line":67,"column":38},"end":{"line":67,"column":null}}],"line":67},"15":{"loc":{"start":{"line":69,"column":2},"end":{"line":78,"column":null}},"type":"if","locations":[{"start":{"line":69,"column":2},"end":{"line":78,"column":null}},{"start":{},"end":{}}],"line":69},"16":{"loc":{"start":{"line":72,"column":30},"end":{"line":72,"column":null}},"type":"binary-expr","locations":[{"start":{"line":72,"column":30},"end":{"line":72,"column":68}},{"start":{"line":72,"column":68},"end":{"line":72,"column":null}}],"line":72},"17":{"loc":{"start":{"line":73,"column":27},"end":{"line":73,"column":null}},"type":"binary-expr","locations":[{"start":{"line":73,"column":27},"end":{"line":73,"column":62}},{"start":{"line":73,"column":66},"end":{"line":73,"column":null}}],"line":73},"18":{"loc":{"start":{"line":76,"column":13},"end":{"line":76,"column":98}},"type":"binary-expr","locations":[{"start":{"line":76,"column":13},"end":{"line":76,"column":53}},{"start":{"line":76,"column":57},"end":{"line":76,"column":98}}],"line":76},"19":{"loc":{"start":{"line":78,"column":11},"end":{"line":78,"column":null}},"type":"binary-expr","locations":[{"start":{"line":78,"column":11},"end":{"line":78,"column":29}},{"start":{"line":78,"column":29},"end":{"line":78,"column":null}}],"line":78},"20":{"loc":{"start":{"line":82,"column":2},"end":{"line":82,"column":null}},"type":"if","locations":[{"start":{"line":82,"column":2},"end":{"line":82,"column":null}},{"start":{},"end":{}}],"line":82},"21":{"loc":{"start":{"line":83,"column":2},"end":{"line":83,"column":null}},"type":"if","locations":[{"start":{"line":83,"column":2},"end":{"line":83,"column":null}},{"start":{},"end":{}}],"line":83}},"s":{"0":48,"1":42,"2":29,"3":29,"4":29,"5":13,"6":6,"7":6,"8":30,"9":6,"10":6,"11":9,"12":9,"13":6,"14":5,"15":2,"16":1,"17":0,"18":33,"19":30,"20":1,"21":29,"22":4,"23":25,"24":1,"25":24,"26":40,"27":40,"28":1,"29":39,"30":40,"31":40,"32":5,"33":5,"34":5,"35":9,"36":9,"37":5,"38":34,"39":9,"40":25,"41":2,"42":23,"43":9,"44":10},"f":{"0":48,"1":30,"2":9,"3":30,"4":40,"5":9,"6":9,"7":10},"b":{"0":[42,6],"1":[29,13],"2":[13,16],"3":[6,0],"4":[5,1],"5":[2,3],"6":[0,1],"7":[1,29],"8":[4,25],"9":[29,6],"10":[1,24],"11":[25,2],"12":[40,7],"13":[1,39],"14":[40,6],"15":[5,35],"16":[5,3],"17":[5,3],"18":[9,5],"19":[5,4],"20":[9,25],"21":[2,23]},"meta":{"lastBranch":22,"lastFunction":8,"lastStatement":45,"seen":{"f:14:9:14:30":0,"b:15:2:41:Infinity:21:9:41:Infinity":0,"s:15:2:41:Infinity":0,"b:16:4:19:Infinity:undefined:undefined:undefined:undefined":1,"s:16:4:19:Infinity":1,"s:17:12:17:60":2,"s:18:12:18:45":3,"b:19:6:19:Infinity:undefined:undefined:undefined:undefined":2,"s:19:6:19:Infinity":4,"s:19:64:19:Infinity":5,"s:22:44:28:Infinity":6,"s:30:25:30:70":7,"f:30:37:30:45":1,"s:30:55:30:70":8,"b:32:4:41:Infinity:undefined:undefined:undefined:undefined":3,"s:32:4:41:Infinity":9,"s:33:22:36:Infinity":10,"f:33:35:33:40":2,"s:34:14:34:46":11,"s:35:8:35:Infinity":12,"b:38:6:41:Infinity:40:13:41:Infinity":4,"s:38:6:41:Infinity":13,"b:39:8:39:Infinity:undefined:undefined:undefined:undefined":5,"s:39:8:39:Infinity":14,"s:39:37:39:Infinity":15,"b:41:8:41:Infinity:undefined:undefined:undefined:undefined":6,"s:41:8:41:Infinity":16,"s:41:36:41:Infinity":17,"s:46:2:46:Infinity":18,"f:50:9:50:25":3,"b:51:2:51:Infinity:undefined:undefined:undefined:undefined":7,"s:51:2:51:Infinity":19,"s:51:26:51:Infinity":20,"b:52:2:52:Infinity:undefined:undefined:undefined:undefined":8,"s:52:2:52:Infinity":21,"b:52:6:52:44:52:44:52:92":9,"s:52:92:52:Infinity":22,"b:53:2:53:Infinity:undefined:undefined:undefined:undefined":10,"s:53:2:53:Infinity":23,"b:53:6:53:44:53:44:53:92":11,"s:53:92:53:Infinity":24,"s:54:2:54:Infinity":25,"f:62:16:62:31":4,"s:63:16:63:Infinity":26,"b:63:16:63:31:63:31:63:Infinity":12,"b:64:2:64:Infinity:undefined:undefined:undefined:undefined":13,"s:64:2:64:Infinity":27,"s:64:14:64:Infinity":28,"s:66:17:66:Infinity":29,"s:67:20:67:Infinity":30,"b:67:20:67:38:67:38:67:Infinity":14,"b:69:2:78:Infinity:undefined:undefined:undefined:undefined":15,"s:69:2:78:Infinity":31,"s:72:30:72:Infinity":32,"b:72:30:72:68:72:68:72:Infinity":16,"s:73:27:73:Infinity":33,"b:73:27:73:62:73:66:73:Infinity":17,"s:74:27:77:Infinity":34,"f:74:34:74:40":5,"s:75:38:75:Infinity":35,"s:76:6:76:Infinity":36,"b:76:13:76:53:76:57:76:98":18,"s:78:4:78:Infinity":37,"b:78:11:78:29:78:29:78:Infinity":19,"b:82:2:82:Infinity:undefined:undefined:undefined:undefined":20,"s:82:2:82:Infinity":38,"s:82:44:82:Infinity":39,"b:83:2:83:Infinity:undefined:undefined:undefined:undefined":21,"s:83:2:83:Infinity":40,"s:83:56:83:Infinity":41,"s:84:2:84:Infinity":42,"f:88:16:88:Infinity":6,"s:92:2:95:Infinity":43,"f:94:37:94:45":7,"s:94:54:94:83":44}}}
,"/home/fabis/Code/personal/better-sc-feed/src/shared/search.ts": {"path":"/home/fabis/Code/personal/better-sc-feed/src/shared/search.ts","statementMap":{"0":{"start":{"line":10,"column":18},"end":{"line":10,"column":81}},"1":{"start":{"line":11,"column":2},"end":{"line":11,"column":null}},"2":{"start":{"line":16,"column":29},"end":{"line":16,"column":31}},"3":{"start":{"line":17,"column":29},"end":{"line":17,"column":31}},"4":{"start":{"line":19,"column":16},"end":{"line":19,"column":67}},"5":{"start":{"line":19,"column":42},"end":{"line":19,"column":50}},"6":{"start":{"line":21,"column":2},"end":{"line":25,"column":null}},"7":{"start":{"line":22,"column":4},"end":{"line":25,"column":null}},"8":{"start":{"line":23,"column":6},"end":{"line":23,"column":null}},"9":{"start":{"line":25,"column":6},"end":{"line":25,"column":null}},"10":{"start":{"line":29,"column":2},"end":{"line":29,"column":null}},"11":{"start":{"line":45,"column":2},"end":{"line":45,"column":null}},"12":{"start":{"line":45,"column":68},"end":{"line":45,"column":null}},"13":{"start":{"line":48,"column":2},"end":{"line":48,"column":null}},"14":{"start":{"line":48,"column":35},"end":{"line":48,"column":48}},"15":{"start":{"line":48,"column":51},"end":{"line":48,"column":null}},"16":{"start":{"line":51,"column":2},"end":{"line":51,"column":null}},"17":{"start":{"line":51,"column":36},"end":{"line":51,"column":null}},"18":{"start":{"line":53,"column":2},"end":{"line":54,"column":null}},"19":{"start":{"line":54,"column":4},"end":{"line":54,"column":null}},"20":{"start":{"line":54,"column":40},"end":{"line":54,"column":53}},"21":{"start":{"line":56,"column":2},"end":{"line":56,"column":null}},"22":{"start":{"line":56,"column":39},"end":{"line":56,"column":52}},"23":{"start":{"line":62,"column":16},"end":{"line":62,"column":null}},"24":{"start":{"line":63,"column":2},"end":{"line":71,"column":null}},"25":{"start":{"line":75,"column":16},"end":{"line":75,"column":null}},"26":{"start":{"line":76,"column":2},"end":{"line":76,"column":null}},"27":{"start":{"line":80,"column":2},"end":{"line":80,"column":null}},"28":{"start":{"line":84,"column":16},"end":{"line":84,"column":null}},"29":{"start":{"line":85,"column":2},"end":{"line":85,"column":null}},"30":{"start":{"line":89,"column":16},"end":{"line":89,"column":null}},"31":{"start":{"line":90,"column":2},"end":{"line":90,"column":null}},"32":{"start":{"line":94,"column":16},"end":{"line":94,"column":null}},"33":{"start":{"line":95,"column":2},"end":{"line":95,"column":null}}},"fnMap":{"0":{"name":"termToRegex","decl":{"start":{"line":9,"column":9},"end":{"line":9,"column":21}},"loc":{"start":{"line":9,"column":43},"end":{"line":11,"column":null}},"line":9},"1":{"name":"parseSearchString","decl":{"start":{"line":15,"column":16},"end":{"line":15,"column":34}},"loc":{"start":{"line":15,"column":61},"end":{"line":29,"column":null}},"line":15},"2":{"name":"(anonymous_2)","decl":{"start":{"line":19,"column":31},"end":{"line":19,"column":36}},"loc":{"start":{"line":19,"column":42},"end":{"line":19,"column":50}},"line":19},"3":{"name":"matchesSearch","decl":{"start":{"line":40,"column":16},"end":{"line":40,"column":null}},"loc":{"start":{"line":44,"column":11},"end":{"line":56,"column":null}},"line":44},"4":{"name":"(anonymous_4)","decl":{"start":{"line":48,"column":22},"end":{"line":48,"column":28}},"loc":{"start":{"line":48,"column":35},"end":{"line":48,"column":48}},"line":48},"5":{"name":"(anonymous_5)","decl":{"start":{"line":54,"column":27},"end":{"line":54,"column":33}},"loc":{"start":{"line":54,"column":40},"end":{"line":54,"column":53}},"line":54},"6":{"name":"(anonymous_6)","decl":{"start":{"line":56,"column":25},"end":{"line":56,"column":32}},"loc":{"start":{"line":56,"column":39},"end":{"line":56,"column":52}},"line":56},"7":{"name":"getAllSearchableText","decl":{"start":{"line":61,"column":16},"end":{"line":61,"column":37}},"loc":{"start":{"line":61,"column":65},"end":{"line":71,"column":null}},"line":61},"8":{"name":"getTitleText","decl":{"start":{"line":74,"column":16},"end":{"line":74,"column":29}},"loc":{"start":{"line":74,"column":57},"end":{"line":76,"column":null}},"line":74},"9":{"name":"getDescriptionText","decl":{"start":{"line":79,"column":16},"end":{"line":79,"column":35}},"loc":{"start":{"line":79,"column":63},"end":{"line":80,"column":null}},"line":79},"10":{"name":"getGenreText","decl":{"start":{"line":83,"column":16},"end":{"line":83,"column":29}},"loc":{"start":{"line":83,"column":57},"end":{"line":85,"column":null}},"line":83},"11":{"name":"getArtistText","decl":{"start":{"line":88,"column":16},"end":{"line":88,"column":30}},"loc":{"start":{"line":88,"column":58},"end":{"line":90,"column":null}},"line":88},"12":{"name":"getLabelText","decl":{"start":{"line":93,"column":16},"end":{"line":93,"column":29}},"loc":{"start":{"line":93,"column":57},"end":{"line":95,"column":null}},"line":93}},"branchMap":{"0":{"loc":{"start":{"line":22,"column":4},"end":{"line":25,"column":null}},"type":"if","locations":[{"start":{"line":22,"column":4},"end":{"line":25,"column":null}},{"start":{"line":24,"column":11},"end":{"line":25,"column":null}}],"line":22},"1":{"loc":{"start":{"line":22,"column":8},"end":{"line":22,"column":49}},"type":"binary-expr","locations":[{"start":{"line":22,"column":8},"end":{"line":22,"column":28}},{"start":{"line":22,"column":32},"end":{"line":22,"column":49}}],"line":22},"2":{"loc":{"start":{"line":43,"column":2},"end":{"line":43,"column":null}},"type":"default-arg","locations":[{"start":{"line":43,"column":27},"end":{"line":43,"column":null}}],"line":43},"3":{"loc":{"start":{"line":45,"column":2},"end":{"line":45,"column":null}},"type":"if","locations":[{"start":{"line":45,"column":2},"end":{"line":45,"column":null}},{"start":{},"end":{}}],"line":45},"4":{"loc":{"start":{"line":45,"column":6},"end":{"line":45,"column":68}},"type":"binary-expr","locations":[{"start":{"line":45,"column":6},"end":{"line":45,"column":38}},{"start":{"line":45,"column":38},"end":{"line":45,"column":68}}],"line":45},"5":{"loc":{"start":{"line":48,"column":2},"end":{"line":48,"column":null}},"type":"if","locations":[{"start":{"line":48,"column":2},"end":{"line":48,"column":null}},{"start":{},"end":{}}],"line":48},"6":{"loc":{"start":{"line":51,"column":2},"end":{"line":51,"column":null}},"type":"if","locations":[{"start":{"line":51,"column":2},"end":{"line":51,"column":null}},{"start":{},"end":{}}],"line":51},"7":{"loc":{"start":{"line":53,"column":2},"end":{"line":54,"column":null}},"type":"if","locations":[{"start":{"line":53,"column":2},"end":{"line":54,"column":null}},{"start":{},"end":{}}],"line":53},"8":{"loc":{"start":{"line":62,"column":16},"end":{"line":62,"column":null}},"type":"binary-expr","locations":[{"start":{"line":62,"column":16},"end":{"line":62,"column":31}},{"start":{"line":62,"column":31},"end":{"line":62,"column":null}}],"line":62},"9":{"loc":{"start":{"line":64,"column":4},"end":{"line":64,"column":null}},"type":"binary-expr","locations":[{"start":{"line":64,"column":4},"end":{"line":64,"column":20}},{"start":{"line":64,"column":20},"end":{"line":64,"column":null}}],"line":64},"10":{"loc":{"start":{"line":65,"column":5},"end":{"line":65,"column":null}},"type":"binary-expr","locations":[{"start":{"line":65,"column":5},"end":{"line":65,"column":68}},{"start":{"line":65,"column":68},"end":{"line":65,"column":null}}],"line":65},"11":{"loc":{"start":{"line":66,"column":4},"end":{"line":66,"column":null}},"type":"binary-expr","locations":[{"start":{"line":66,"column":4},"end":{"line":66,"column":20}},{"start":{"line":66,"column":20},"end":{"line":66,"column":null}}],"line":66},"12":{"loc":{"start":{"line":67,"column":4},"end":{"line":67,"column":null}},"type":"binary-expr","locations":[{"start":{"line":67,"column":4},"end":{"line":67,"column":29}},{"start":{"line":67,"column":29},"end":{"line":67,"column":null}}],"line":67},"13":{"loc":{"start":{"line":68,"column":4},"end":{"line":68,"column":null}},"type":"binary-expr","locations":[{"start":{"line":68,"column":4},"end":{"line":68,"column":28}},{"start":{"line":68,"column":28},"end":{"line":68,"column":null}}],"line":68},"14":{"loc":{"start":{"line":69,"column":5},"end":{"line":69,"column":null}},"type":"binary-expr","locations":[{"start":{"line":69,"column":5},"end":{"line":69,"column":66}},{"start":{"line":69,"column":66},"end":{"line":69,"column":null}}],"line":69},"15":{"loc":{"start":{"line":70,"column":5},"end":{"line":70,"column":null}},"type":"binary-expr","locations":[{"start":{"line":70,"column":5},"end":{"line":70,"column":103}},{"start":{"line":70,"column":103},"end":{"line":70,"column":null}}],"line":70},"16":{"loc":{"start":{"line":75,"column":16},"end":{"line":75,"column":null}},"type":"binary-expr","locations":[{"start":{"line":75,"column":16},"end":{"line":75,"column":31}},{"start":{"line":75,"column":31},"end":{"line":75,"column":null}}],"line":75},"17":{"loc":{"start":{"line":76,"column":9},"end":{"line":76,"column":null}},"type":"binary-expr","locations":[{"start":{"line":76,"column":9},"end":{"line":76,"column":25}},{"start":{"line":76,"column":25},"end":{"line":76,"column":null}}],"line":76},"18":{"loc":{"start":{"line":80,"column":2},"end":{"line":80,"column":null}},"type":"binary-expr","locations":[{"start":{"line":80,"column":2},"end":{"line":80,"column":79}},{"start":{"line":80,"column":79},"end":{"line":80,"column":null}}],"line":80},"19":{"loc":{"start":{"line":84,"column":16},"end":{"line":84,"column":null}},"type":"binary-expr","locations":[{"start":{"line":84,"column":16},"end":{"line":84,"column":31}},{"start":{"line":84,"column":31},"end":{"line":84,"column":null}}],"line":84},"20":{"loc":{"start":{"line":85,"column":9},"end":{"line":85,"column":null}},"type":"binary-expr","locations":[{"start":{"line":85,"column":9},"end":{"line":85,"column":25}},{"start":{"line":85,"column":25},"end":{"line":85,"column":null}}],"line":85},"21":{"loc":{"start":{"line":89,"column":16},"end":{"line":89,"column":null}},"type":"binary-expr","locations":[{"start":{"line":89,"column":16},"end":{"line":89,"column":31}},{"start":{"line":89,"column":31},"end":{"line":89,"column":null}}],"line":89},"22":{"loc":{"start":{"line":90,"column":10},"end":{"line":90,"column":39}},"type":"binary-expr","locations":[{"start":{"line":90,"column":10},"end":{"line":90,"column":35}},{"start":{"line":90,"column":35},"end":{"line":90,"column":39}}],"line":90},"23":{"loc":{"start":{"line":90,"column":39},"end":{"line":90,"column":66}},"type":"binary-expr","locations":[{"start":{"line":90,"column":39},"end":{"line":90,"column":63}},{"start":{"line":90,"column":63},"end":{"line":90,"column":66}}],"line":90},"24":{"loc":{"start":{"line":95,"column":10},"end":{"line":95,"column":35}},"type":"binary-expr","locations":[{"start":{"line":95,"column":10},"end":{"line":95,"column":31}},{"start":{"line":95,"column":31},"end":{"line":95,"column":35}}],"line":95},"25":{"loc":{"start":{"line":95,"column":35},"end":{"line":95,"column":75}},"type":"binary-expr","locations":[{"start":{"line":95,"column":35},"end":{"line":95,"column":72}},{"start":{"line":95,"column":72},"end":{"line":95,"column":75}}],"line":95}},"s":{"0":72,"1":72,"2":55,"3":55,"4":55,"5":76,"6":55,"7":72,"8":7,"9":65,"10":55,"11":54,"12":1,"13":53,"14":8,"15":4,"16":49,"17":1,"18":48,"19":15,"20":20,"21":33,"22":37,"23":31,"24":31,"25":8,"26":8,"27":8,"28":8,"29":8,"30":8,"31":8,"32":8,"33":8},"f":{"0":72,"1":55,"2":76,"3":54,"4":8,"5":20,"6":37,"7":31,"8":8,"9":8,"10":8,"11":8,"12":8},"b":{"0":[7,65],"1":[72,8],"2":[54],"3":[1,53],"4":[54,5],"5":[4,49],"6":[1,48],"7":[15,33],"8":[31,4],"9":[31,1],"10":[31,4],"11":[31,1],"12":[31,1],"13":[31,1],"14":[31,4],"15":[31,29],"16":[8,1],"17":[8,1],"18":[8,1],"19":[8,1],"20":[8,1],"21":[8,1],"22":[8,1],"23":[8,1],"24":[8,1],"25":[8,7]},"meta":{"lastBranch":26,"lastFunction":13,"lastStatement":34,"seen":{"f:9:9:9:21":0,"s:10:18:10:81":0,"s:11:2:11:Infinity":1,"f:15:16:15:34":1,"s:16:29:16:31":2,"s:17:29:17:31":3,"s:19:16:19:67":4,"f:19:31:19:36":2,"s:19:42:19:50":5,"s:21:2:25:Infinity":6,"b:22:4:25:Infinity:24:11:25:Infinity":0,"s:22:4:25:Infinity":7,"b:22:8:22:28:22:32:22:49":1,"s:23:6:23:Infinity":8,"s:25:6:25:Infinity":9,"s:29:2:29:Infinity":10,"f:40:16:40:Infinity":3,"b:43:27:43:Infinity":2,"b:45:2:45:Infinity:undefined:undefined:undefined:undefined":3,"s:45:2:45:Infinity":11,"b:45:6:45:38:45:38:45:68":4,"s:45:68:45:Infinity":12,"b:48:2:48:Infinity:undefined:undefined:undefined:undefined":5,"s:48:2:48:Infinity":13,"f:48:22:48:28":4,"s:48:35:48:48":14,"s:48:51:48:Infinity":15,"b:51:2:51:Infinity:undefined:undefined:undefined:undefined":6,"s:51:2:51:Infinity":16,"s:51:36:51:Infinity":17,"b:53:2:54:Infinity:undefined:undefined:undefined:undefined":7,"s:53:2:54:Infinity":18,"s:54:4:54:Infinity":19,"f:54:27:54:33":5,"s:54:40:54:53":20,"s:56:2:56:Infinity":21,"f:56:25:56:32":6,"s:56:39:56:52":22,"f:61:16:61:37":7,"s:62:16:62:Infinity":23,"b:62:16:62:31:62:31:62:Infinity":8,"s:63:2:71:Infinity":24,"b:64:4:64:20:64:20:64:Infinity":9,"b:65:5:65:68:65:68:65:Infinity":10,"b:66:4:66:20:66:20:66:Infinity":11,"b:67:4:67:29:67:29:67:Infinity":12,"b:68:4:68:28:68:28:68:Infinity":13,"b:69:5:69:66:69:66:69:Infinity":14,"b:70:5:70:103:70:103:70:Infinity":15,"f:74:16:74:29":8,"s:75:16:75:Infinity":25,"b:75:16:75:31:75:31:75:Infinity":16,"s:76:2:76:Infinity":26,"b:76:9:76:25:76:25:76:Infinity":17,"f:79:16:79:35":9,"s:80:2:80:Infinity":27,"b:80:2:80:79:80:79:80:Infinity":18,"f:83:16:83:29":10,"s:84:16:84:Infinity":28,"b:84:16:84:31:84:31:84:Infinity":19,"s:85:2:85:Infinity":29,"b:85:9:85:25:85:25:85:Infinity":20,"f:88:16:88:30":11,"s:89:16:89:Infinity":30,"b:89:16:89:31:89:31:89:Infinity":21,"s:90:2:90:Infinity":31,"b:90:10:90:35:90:35:90:39":22,"b:90:39:90:63:90:63:90:66":23,"f:93:16:93:29":12,"s:94:16:94:Infinity":32,"s:95:2:95:Infinity":33,"b:95:10:95:31:95:31:95:35":24,"b:95:35:95:72:95:72:95:75":25}}}
,"/home/fabis/Code/personal/better-sc-feed/src/shared/storage.ts": {"path":"/home/fabis/Code/personal/better-sc-feed/src/shared/storage.ts","statementMap":{"0":{"start":{"line":4,"column":44},"end":{"line":16,"column":null}},"1":{"start":{"line":18,"column":20},"end":{"line":18,"column":null}},"2":{"start":{"line":19,"column":26},"end":{"line":19,"column":null}},"3":{"start":{"line":27,"column":2},"end":{"line":52,"column":null}},"4":{"start":{"line":29,"column":21},"end":{"line":29,"column":51}},"5":{"start":{"line":30,"column":21},"end":{"line":30,"column":null}},"6":{"start":{"line":31,"column":22},"end":{"line":33,"column":32}},"7":{"start":{"line":35,"column":6},"end":{"line":37,"column":null}},"8":{"start":{"line":36,"column":8},"end":{"line":36,"column":null}},"9":{"start":{"line":40,"column":6},"end":{"line":40,"column":null}},"10":{"start":{"line":44,"column":6},"end":{"line":44,"column":null}},"11":{"start":{"line":46,"column":6},"end":{"line":48,"column":null}},"12":{"start":{"line":47,"column":8},"end":{"line":47,"column":null}},"13":{"start":{"line":56,"column":2},"end":{"line":56,"column":null}},"14":{"start":{"line":61,"column":2},"end":{"line":66,"column":null}},"15":{"start":{"line":62,"column":16},"end":{"line":62,"column":55}},"16":{"start":{"line":63,"column":4},"end":{"line":64,"column":null}},"17":{"start":{"line":64,"column":6},"end":{"line":64,"column":null}},"18":{"start":{"line":69,"column":2},"end":{"line":69,"column":null}}},"fnMap":{"0":{"name":"createFilterStorage","decl":{"start":{"line":26,"column":16},"end":{"line":26,"column":36}},"loc":{"start":{"line":26,"column":61},"end":{"line":52,"column":null}},"line":26},"1":{"name":"(anonymous_1)","decl":{"start":{"line":28,"column":10},"end":{"line":28,"column":39}},"loc":{"start":{"line":28,"column":39},"end":{"line":40,"column":null}},"line":28},"2":{"name":"(anonymous_2)","decl":{"start":{"line":43,"column":10},"end":{"line":43,"column":15}},"loc":{"start":{"line":43,"column":52},"end":{"line":48,"column":null}},"line":43},"3":{"name":"createChromeFilterStorage","decl":{"start":{"line":55,"column":16},"end":{"line":55,"column":44}},"loc":{"start":{"line":55,"column":44},"end":{"line":56,"column":null}},"line":55},"4":{"name":"loadFiltersSync","decl":{"start":{"line":60,"column":16},"end":{"line":60,"column":47}},"loc":{"start":{"line":60,"column":47},"end":{"line":69,"column":null}},"line":60}},"branchMap":{"0":{"loc":{"start":{"line":31,"column":22},"end":{"line":33,"column":32}},"type":"cond-expr","locations":[{"start":{"line":32,"column":10},"end":{"line":32,"column":null}},{"start":{"line":33,"column":10},"end":{"line":33,"column":32}}],"line":31},"1":{"loc":{"start":{"line":31,"column":22},"end":{"line":31,"column":null}},"type":"binary-expr","locations":[{"start":{"line":31,"column":22},"end":{"line":31,"column":32}},{"start":{"line":31,"column":32},"end":{"line":31,"column":null}}],"line":31},"2":{"loc":{"start":{"line":63,"column":4},"end":{"line":64,"column":null}},"type":"if","locations":[{"start":{"line":63,"column":4},"end":{"line":64,"column":null}},{"start":{},"end":{}}],"line":63}},"s":{"0":3,"1":3,"2":3,"3":4,"4":4,"5":4,"6":4,"7":4,"8":4,"9":4,"10":1,"11":1,"12":1,"13":0,"14":0,"15":0,"16":0,"17":0,"18":0},"f":{"0":4,"1":4,"2":1,"3":0,"4":0},"b":{"0":[3,1],"1":[4,3],"2":[0,0]},"meta":{"lastBranch":3,"lastFunction":5,"lastStatement":19,"seen":{"s:4:44:16:Infinity":0,"s:18:20:18:Infinity":1,"s:19:26:19:Infinity":2,"f:26:16:26:36":0,"s:27:2:52:Infinity":3,"f:28:10:28:39":1,"s:29:21:29:51":4,"s:30:21:30:Infinity":5,"s:31:22:33:32":6,"b:32:10:32:Infinity:33:10:33:32":0,"b:31:22:31:32:31:32:31:Infinity":1,"s:35:6:37:Infinity":7,"s:36:8:36:Infinity":8,"s:40:6:40:Infinity":9,"f:43:10:43:15":2,"s:44:6:44:Infinity":10,"s:46:6:48:Infinity":11,"s:47:8:47:Infinity":12,"f:55:16:55:44":3,"s:56:2:56:Infinity":13,"f:60:16:60:47":4,"s:61:2:66:Infinity":14,"s:62:16:62:55":15,"b:63:4:64:Infinity:undefined:undefined:undefined:undefined":2,"s:63:4:64:Infinity":16,"s:64:6:64:Infinity":17,"s:69:2:69:Infinity":18}}}
,"/home/fabis/Code/personal/better-sc-feed/src/shared/types.ts": {"path":"/home/fabis/Code/personal/better-sc-feed/src/shared/types.ts","statementMap":{"0":{"start":{"line":159,"column":30},"end":{"line":163,"column":null}}},"fnMap":{},"branchMap":{},"s":{"0":6},"f":{},"b":{},"meta":{"lastBranch":0,"lastFunction":0,"lastStatement":1,"seen":{"s:159:30:163:Infinity":0}}}
,"/home/fabis/Code/personal/better-sc-feed/src/shared/url.ts": {"path":"/home/fabis/Code/personal/better-sc-feed/src/shared/url.ts","statementMap":{"0":{"start":{"line":3,"column":18},"end":{"line":3,"column":null}},"1":{"start":{"line":7,"column":2},"end":{"line":7,"column":null}},"2":{"start":{"line":12,"column":2},"end":{"line":12,"column":null}},"3":{"start":{"line":12,"column":32},"end":{"line":12,"column":null}},"4":{"start":{"line":13,"column":2},"end":{"line":13,"column":null}},"5":{"start":{"line":18,"column":17},"end":{"line":18,"column":29}},"6":{"start":{"line":19,"column":2},"end":{"line":19,"column":null}},"7":{"start":{"line":20,"column":2},"end":{"line":20,"column":null}}},"fnMap":{"0":{"name":"isStreamUrl","decl":{"start":{"line":6,"column":16},"end":{"line":6,"column":28}},"loc":{"start":{"line":6,"column":50},"end":{"line":7,"column":null}},"line":6},"1":{"name":"extractUrl","decl":{"start":{"line":11,"column":16},"end":{"line":11,"column":27}},"loc":{"start":{"line":11,"column":61},"end":{"line":13,"column":null}},"line":11},"2":{"name":"withActivityTypes","decl":{"start":{"line":17,"column":16},"end":{"line":17,"column":34}},"loc":{"start":{"line":17,"column":88},"end":{"line":20,"column":null}},"line":17}},"branchMap":{"0":{"loc":{"start":{"line":12,"column":2},"end":{"line":12,"column":null}},"type":"if","locations":[{"start":{"line":12,"column":2},"end":{"line":12,"column":null}},{"start":{},"end":{}}],"line":12}},"s":{"0":3,"1":11,"2":9,"3":1,"4":8,"5":14,"6":14,"7":14},"f":{"0":11,"1":9,"2":14},"b":{"0":[1,8]},"meta":{"lastBranch":1,"lastFunction":3,"lastStatement":8,"seen":{"s:3:18:3:Infinity":0,"f:6:16:6:28":0,"s:7:2:7:Infinity":1,"f:11:16:11:27":1,"b:12:2:12:Infinity:undefined:undefined:undefined:undefined":0,"s:12:2:12:Infinity":2,"s:12:32:12:Infinity":3,"s:13:2:13:Infinity":4,"f:17:16:17:34":2,"s:18:17:18:29":5,"s:19:2:19:Infinity":6,"s:20:2:20:Infinity":7}}}
,"/home/fabis/Code/personal/better-sc-feed/src/test/factories.ts": {"path":"/home/fabis/Code/personal/better-sc-feed/src/test/factories.ts","statementMap":{"0":{"start":{"line":11,"column":10},"end":{"line":11,"column":null}},"1":{"start":{"line":12,"column":6},"end":{"line":12,"column":null}},"2":{"start":{"line":12,"column":29},"end":{"line":12,"column":null}},"3":{"start":{"line":15,"column":13},"end":{"line":15,"column":21}},"4":{"start":{"line":16,"column":2},"end":{"line":37,"column":null}},"5":{"start":{"line":41,"column":13},"end":{"line":41,"column":21}},"6":{"start":{"line":42,"column":15},"end":{"line":42,"column":44}},"7":{"start":{"line":43,"column":2},"end":{"line":92,"column":null}},"8":{"start":{"line":96,"column":13},"end":{"line":96,"column":21}},"9":{"start":{"line":97,"column":2},"end":{"line":109,"column":null}},"10":{"start":{"line":113,"column":15},"end":{"line":113,"column":null}},"11":{"start":{"line":114,"column":15},"end":{"line":114,"column":44}},"12":{"start":{"line":115,"column":29},"end":{"line":121,"column":null}},"13":{"start":{"line":122,"column":2},"end":{"line":125,"column":null}},"14":{"start":{"line":123,"column":4},"end":{"line":123,"column":null}},"15":{"start":{"line":125,"column":4},"end":{"line":125,"column":null}},"16":{"start":{"line":127,"column":2},"end":{"line":127,"column":null}},"17":{"start":{"line":131,"column":2},"end":{"line":136,"column":null}},"18":{"start":{"line":140,"column":2},"end":{"line":153,"column":null}}},"fnMap":{"0":{"name":"(anonymous_0)","decl":{"start":{"line":12,"column":6},"end":{"line":12,"column":29}},"loc":{"start":{"line":12,"column":29},"end":{"line":12,"column":null}},"line":12},"1":{"name":"buildUser","decl":{"start":{"line":14,"column":16},"end":{"line":14,"column":26}},"loc":{"start":{"line":14,"column":67},"end":{"line":37,"column":null}},"line":14},"2":{"name":"buildTrack","decl":{"start":{"line":40,"column":16},"end":{"line":40,"column":27}},"loc":{"start":{"line":40,"column":70},"end":{"line":92,"column":null}},"line":40},"3":{"name":"buildPlaylist","decl":{"start":{"line":95,"column":16},"end":{"line":95,"column":30}},"loc":{"start":{"line":95,"column":79},"end":{"line":109,"column":null}},"line":95},"4":{"name":"buildStreamItem","decl":{"start":{"line":112,"column":16},"end":{"line":112,"column":32}},"loc":{"start":{"line":112,"column":85},"end":{"line":127,"column":null}},"line":112},"5":{"name":"buildStreamResponse","decl":{"start":{"line":130,"column":16},"end":{"line":130,"column":36}},"loc":{"start":{"line":130,"column":95},"end":{"line":136,"column":null}},"line":130},"6":{"name":"buildFilters","decl":{"start":{"line":139,"column":16},"end":{"line":139,"column":29}},"loc":{"start":{"line":139,"column":80},"end":{"line":153,"column":null}},"line":139}},"branchMap":{"0":{"loc":{"start":{"line":14,"column":26},"end":{"line":14,"column":57}},"type":"default-arg","locations":[{"start":{"line":14,"column":55},"end":{"line":14,"column":57}}],"line":14},"1":{"loc":{"start":{"line":40,"column":27},"end":{"line":40,"column":59}},"type":"default-arg","locations":[{"start":{"line":40,"column":57},"end":{"line":40,"column":59}}],"line":40},"2":{"loc":{"start":{"line":42,"column":15},"end":{"line":42,"column":44}},"type":"binary-expr","locations":[{"start":{"line":42,"column":15},"end":{"line":42,"column":33}},{"start":{"line":42,"column":33},"end":{"line":42,"column":44}}],"line":42},"3":{"loc":{"start":{"line":95,"column":30},"end":{"line":95,"column":65}},"type":"default-arg","locations":[{"start":{"line":95,"column":63},"end":{"line":95,"column":65}}],"line":95},"4":{"loc":{"start":{"line":112,"column":32},"end":{"line":112,"column":69}},"type":"default-arg","locations":[{"start":{"line":112,"column":67},"end":{"line":112,"column":69}}],"line":112},"5":{"loc":{"start":{"line":113,"column":15},"end":{"line":113,"column":null}},"type":"binary-expr","locations":[{"start":{"line":113,"column":15},"end":{"line":113,"column":33}},{"start":{"line":113,"column":33},"end":{"line":113,"column":null}}],"line":113},"6":{"loc":{"start":{"line":114,"column":15},"end":{"line":114,"column":44}},"type":"binary-expr","locations":[{"start":{"line":114,"column":15},"end":{"line":114,"column":33}},{"start":{"line":114,"column":33},"end":{"line":114,"column":44}}],"line":114},"7":{"loc":{"start":{"line":122,"column":2},"end":{"line":125,"column":null}},"type":"if","locations":[{"start":{"line":122,"column":2},"end":{"line":125,"column":null}},{"start":{"line":124,"column":9},"end":{"line":125,"column":null}}],"line":122},"8":{"loc":{"start":{"line":122,"column":6},"end":{"line":122,"column":51}},"type":"binary-expr","locations":[{"start":{"line":122,"column":6},"end":{"line":122,"column":26}},{"start":{"line":122,"column":26},"end":{"line":122,"column":51}}],"line":122},"9":{"loc":{"start":{"line":130,"column":36},"end":{"line":130,"column":75}},"type":"default-arg","locations":[{"start":{"line":130,"column":73},"end":{"line":130,"column":75}}],"line":130},"10":{"loc":{"start":{"line":139,"column":29},"end":{"line":139,"column":65}},"type":"default-arg","locations":[{"start":{"line":139,"column":63},"end":{"line":139,"column":65}}],"line":139}},"s":{"0":4,"1":4,"2":310,"3":155,"4":155,"5":92,"6":92,"7":92,"8":11,"9":11,"10":52,"11":52,"12":52,"13":52,"14":46,"15":6,"16":52,"17":9,"18":34},"f":{"0":310,"1":155,"2":92,"3":11,"4":52,"5":9,"6":34},"b":{"0":[155],"1":[92],"2":[92,89],"3":[11],"4":[52],"5":[52,40],"6":[52,49],"7":[46,6],"8":[52,6],"9":[9],"10":[34]},"meta":{"lastBranch":11,"lastFunction":7,"lastStatement":19,"seen":{"s:11:10:11:Infinity":0,"s:12:6:12:Infinity":1,"f:12:6:12:29":0,"s:12:29:12:Infinity":2,"f:14:16:14:26":1,"b:14:55:14:57":0,"s:15:13:15:21":3,"s:16:2:37:Infinity":4,"f:40:16:40:27":2,"b:40:57:40:59":1,"s:41:13:41:21":5,"s:42:15:42:44":6,"b:42:15:42:33:42:33:42:44":2,"s:43:2:92:Infinity":7,"f:95:16:95:30":3,"b:95:63:95:65":3,"s:96:13:96:21":8,"s:97:2:109:Infinity":9,"f:112:16:112:32":4,"b:112:67:112:69":4,"s:113:15:113:Infinity":10,"b:113:15:113:33:113:33:113:Infinity":5,"s:114:15:114:44":11,"b:114:15:114:33:114:33:114:44":6,"s:115:29:121:Infinity":12,"b:122:2:125:Infinity:124:9:125:Infinity":7,"s:122:2:125:Infinity":13,"b:122:6:122:26:122:26:122:51":8,"s:123:4:123:Infinity":14,"s:125:4:125:Infinity":15,"s:127:2:127:Infinity":16,"f:130:16:130:36":5,"b:130:73:130:75":9,"s:131:2:136:Infinity":17,"f:139:16:139:29":6,"b:139:63:139:65":10,"s:140:2:153:Infinity":18}}}
}
